<?xml version="1.0" encoding="UTF-8"?>
<testsuite xmlns:xsi="http://www.w3.org/2001/XMLSchema-instance" xsi:noNamespaceSchemaLocation="https://maven.apache.org/surefire/maven-surefire-plugin/xsd/surefire-test-report-3.0.xsd" version="3.0" name="org.example.testRunner.runners" time="288.347" tests="17" errors="0" skipped="0" failures="4">
  <properties>
[...]
</properties>
  <testcase name="runScenario" classname="org.example.testRunner.runners" time="24.517"/>
  <testcase name="runScenario" classname="org.example.testRunner.runners" time="13.79">
    <failure message="The following asserts failed:&#10;	third assertion expected [https://demo.nopcommerce.com/] but found [https://demo.nopcommerce.com/login?returnurl=%2F]" type="java.lang.AssertionError"><![CDATA[java.lang.AssertionError: 
The following asserts failed:
	third assertion expected [https://demo.nopcommerce.com/] but found [https://demo.nopcommerce.com/login?returnurl=%2F]
]]></failure>
    <system-out><![CDATA[
@smoke
Scenario: user could login with valid email and password &amp#27;[90m# src/main/resources/features/F02_Login.feature:6&amp#27;[0m
  &amp#27;[32mGiven &amp#27;[0m&amp#27;[32muser go to login page&amp#27;[0m                            &amp#27;[90m# org.example.stepDefs.D02_loginStepDef.user_open_browser()&amp#27;[0m
  &amp#27;[32mWhen &amp#27;[0m&amp#27;[32muser login with "&amp#27;[0m&amp#27;[32m&amp#27;[1mtest@example.com&amp#27;[0m&amp#27;[32m" and "&amp#27;[0m&amp#27;[32m&amp#27;[1mP@ssw0rd&amp#27;[0m&amp#27;[32m"&amp#27;[0m &amp#27;[90m# org.example.stepDefs.D02_loginStepDef.valid_data(java.lang.String,java.lang.String)&amp#27;[0m
  &amp#27;[32mAnd &amp#27;[0m&amp#27;[32muser press on login button&amp#27;[0m                         &amp#27;[90m# org.example.stepDefs.D02_loginStepDef.loginBTN()&amp#27;[0m
  &amp#27;[31mThen &amp#27;[0m&amp#27;[31muser login to the system successfully&amp#27;[0m             &amp#27;[90m# org.example.stepDefs.D02_loginStepDef.success()&amp#27;[0m
      &amp#27;[31mjava.lang.AssertionError: The following asserts failed:
	third assertion expected [https://demo.nopcommerce.com/] but found [https://demo.nopcommerce.com/login?returnurl=%2F]
	at org.testng.asserts.SoftAssert.assertAll(SoftAssert.java:47)
	at org.testng.asserts.SoftAssert.assertAll(SoftAssert.java:31)
	at org.example.stepDefs.D02_loginStepDef.success(D02_loginStepDef.java:45)
	at âœ½.user login to the system successfully(file:///C:/Users/Memo/IdeaProjects/EcommerceAutomationProject/src/main/resources/features/F02_Login.feature:10)
&amp#27;[0m
]]></system-out>
    <system-err><![CDATA[Starting ChromeDriver 107.0.5304.62 (1eec40d3a5764881c92085aaee66d25075c159aa-refs/branch-heads/5304@{#942}) on port 56942
Only local connections are allowed.
Please see https://chromedriver.chromium.org/security-considerations for suggestions on keeping ChromeDriver safe.
ChromeDriver was started successfully.
Nov 16, 2022 10:20:18 PM org.openqa.selenium.remote.ProtocolHandshake createSession
INFO: Detected dialect: W3C
Nov 16, 2022 10:20:18 PM org.openqa.selenium.devtools.CdpVersionFinder findNearestMatch
WARNING: Unable to find an exact match for CDP version 107, so returning the closest version found: a no-op implementation
Nov 16, 2022 10:20:18 PM org.openqa.selenium.devtools.CdpVersionFinder findNearestMatch
INFO: Unable to find CDP implementation matching 107.
Nov 16, 2022 10:20:18 PM org.openqa.selenium.chromium.ChromiumDriver lambda$new$3
WARNING: Unable to find version of CDP to use for . You may need to include a dependency on a specific version of the CDP using something similar to `org.seleniumhq.selenium:selenium-devtools-v86:4.0.0` where the version ("v86") matches the version of the chromium-based browser you're using and the version number of the artifact is the same as Selenium's.
]]></system-err>
  </testcase>
  <testcase name="runScenario" classname="org.example.testRunner.runners" time="12.84"/>
  <testcase name="runScenario" classname="org.example.testRunner.runners" time="14.678"/>
  <testcase name="runScenario" classname="org.example.testRunner.runners" time="14.32"/>
  <testcase name="runScenario" classname="org.example.testRunner.runners" time="14.105"/>
  <testcase name="runScenario" classname="org.example.testRunner.runners" time="18.981"/>
  <testcase name="runScenario" classname="org.example.testRunner.runners" time="16.86"/>
  <testcase name="runScenario" classname="org.example.testRunner.runners" time="16.555"/>
  <testcase name="runScenario" classname="org.example.testRunner.runners" time="12.788"/>
  <testcase name="runScenario" classname="org.example.testRunner.runners" time="12.396">
    <failure message="element click intercepted: Element &lt;img class=&quot;nivo-main-image&quot; src=&quot;https://demo.nopcommerce.com/images/thumbs/0000079_banner_1.jpg&quot; style=&quot;width: 1200px; height: 500px; overflow: hidden;&quot;&gt; is not clickable at point (951, 498). Other element would receive the click: &lt;a href=&quot;http://demo.nopcommerce.com/&quot; aria-label=&quot;&quot; class=&quot;nivo-imageLink&quot; style=&quot;display: block;&quot;&gt;...&lt;/a&gt;&#10;  (Session info: chrome=107.0.5304.107)&#10;Build info: version: &apos;4.0.0&apos;, revision: &apos;3a21814679&apos;&#10;System info: host: &apos;DESKTOP-GVRGLVO&apos;, ip: &apos;192.168.1.4&apos;, os.name: &apos;Windows 10&apos;, os.arch: &apos;amd64&apos;, os.version: &apos;10.0&apos;, java.version: &apos;1.8.0_351&apos;&#10;Driver info: org.openqa.selenium.chrome.ChromeDriver&#10;Command: [87367d11aea91f115f23c6eb4007fb3e, clickElement {id=e6f853cd-73d9-46cf-ba6a-776c6b7c7671}]&#10;Capabilities {acceptInsecureCerts: false, browserName: chrome, browserVersion: 107.0.5304.107, chrome: {chromedriverVersion: 107.0.5304.62 (1eec40d3a576..., userDataDir: C:\Users\Memo\AppData\Local...}, goog:chromeOptions: {debuggerAddress: localhost:56886}, javascriptEnabled: true, networkConnectionEnabled: false, pageLoadStrategy: normal, platform: WINDOWS, platformName: WINDOWS, proxy: Proxy(), se:cdp: ws://localhost:56886/devtoo..., se:cdpVersion: 107.0.5304.107, setWindowRect: true, strictFileInteractability: false, timeouts: {implicit: 0, pageLoad: 300000, script: 30000}, unhandledPromptBehavior: dismiss and notify, webauthn:extension:credBlob: true, webauthn:extension:largeBlob: true, webauthn:virtualAuthenticators: true}&#10;Element: [[ChromeDriver: chrome on WINDOWS (87367d11aea91f115f23c6eb4007fb3e)] -&gt; css selector: div[id=&quot;nivo-slider&quot;]&gt;img[src=&quot;https://demo.nopcommerce.com/images/thumbs/0000079_banner_1.jpg&quot;]]&#10;Session ID: 87367d11aea91f115f23c6eb4007fb3e" type="org.openqa.selenium.ElementClickInterceptedException"><![CDATA[org.openqa.selenium.ElementClickInterceptedException: 
element click intercepted: Element <img class="nivo-main-image" src="https://demo.nopcommerce.com/images/thumbs/0000079_banner_1.jpg" style="width: 1200px; height: 500px; overflow: hidden;"> is not clickable at point (951, 498). Other element would receive the click: <a href="http://demo.nopcommerce.com/" aria-label="" class="nivo-imageLink" style="display: block;">...</a>
  (Session info: chrome=107.0.5304.107)
Build info: version: '4.0.0', revision: '3a21814679'
System info: host: 'DESKTOP-GVRGLVO', ip: '192.168.1.4', os.name: 'Windows 10', os.arch: 'amd64', os.version: '10.0', java.version: '1.8.0_351'
Driver info: org.openqa.selenium.chrome.ChromeDriver
Command: [87367d11aea91f115f23c6eb4007fb3e, clickElement {id=e6f853cd-73d9-46cf-ba6a-776c6b7c7671}]
Capabilities {acceptInsecureCerts: false, browserName: chrome, browserVersion: 107.0.5304.107, chrome: {chromedriverVersion: 107.0.5304.62 (1eec40d3a576..., userDataDir: C:\Users\Memo\AppData\Local...}, goog:chromeOptions: {debuggerAddress: localhost:56886}, javascriptEnabled: true, networkConnectionEnabled: false, pageLoadStrategy: normal, platform: WINDOWS, platformName: WINDOWS, proxy: Proxy(), se:cdp: ws://localhost:56886/devtoo..., se:cdpVersion: 107.0.5304.107, setWindowRect: true, strictFileInteractability: false, timeouts: {implicit: 0, pageLoad: 300000, script: 30000}, unhandledPromptBehavior: dismiss and notify, webauthn:extension:credBlob: true, webauthn:extension:largeBlob: true, webauthn:virtualAuthenticators: true}
Element: [[ChromeDriver: chrome on WINDOWS (87367d11aea91f115f23c6eb4007fb3e)] -> css selector: div[id="nivo-slider"]>img[src="https://demo.nopcommerce.com/images/thumbs/0000079_banner_1.jpg"]]
Session ID: 87367d11aea91f115f23c6eb4007fb3e
]]></failure>
    <system-out><![CDATA[
@smoke
Scenario: first slider is clickable on home page &amp#27;[90m# src/main/resources/features/F06_homeSliders.feature:3&amp#27;[0m
  &amp#27;[31mWhen &amp#27;[0m&amp#27;[31mclicking on the first slider&amp#27;[0m              &amp#27;[90m# org.example.stepDefs.D06_homeSlidersStepDef.firstSlider()&amp#27;[0m
      &amp#27;[31morg.openqa.selenium.ElementClickInterceptedException: element click intercepted: Element <img class="nivo-main-image" src="https://demo.nopcommerce.com/images/thumbs/0000079_banner_1.jpg" style="width: 1200px; height: 500px; overflow: hidden;"> is not clickable at point (951, 498). Other element would receive the click: <a href="http://demo.nopcommerce.com/" aria-label="" class="nivo-imageLink" style="display: block;">...</a>
  (Session info: chrome=107.0.5304.107)
Build info: version: '4.0.0', revision: '3a21814679'
System info: host: 'DESKTOP-GVRGLVO', ip: '192.168.1.4', os.name: 'Windows 10', os.arch: 'amd64', os.version: '10.0', java.version: '1.8.0_351'
Driver info: org.openqa.selenium.chrome.ChromeDriver
Command: [87367d11aea91f115f23c6eb4007fb3e, clickElement {id=e6f853cd-73d9-46cf-ba6a-776c6b7c7671}]
Capabilities {acceptInsecureCerts: false, browserName: chrome, browserVersion: 107.0.5304.107, chrome: {chromedriverVersion: 107.0.5304.62 (1eec40d3a576..., userDataDir: C:\Users\Memo\AppData\Local...}, goog:chromeOptions: {debuggerAddress: localhost:56886}, javascriptEnabled: true, networkConnectionEnabled: false, pageLoadStrategy: normal, platform: WINDOWS, platformName: WINDOWS, proxy: Proxy(), se:cdp: ws://localhost:56886/devtoo..., se:cdpVersion: 107.0.5304.107, setWindowRect: true, strictFileInteractability: false, timeouts: {implicit: 0, pageLoad: 300000, script: 30000}, unhandledPromptBehavior: dismiss and notify, webauthn:extension:credBlob: true, webauthn:extension:largeBlob: true, webauthn:virtualAuthenticators: true}
Element: [[ChromeDriver: chrome on WINDOWS (87367d11aea91f115f23c6eb4007fb3e)] -> css selector: div[id="nivo-slider"]>img[src="https://demo.nopcommerce.com/images/thumbs/0000079_banner_1.jpg"]]
Session ID: 87367d11aea91f115f23c6eb4007fb3e
	at sun.reflect.NativeConstructorAccessorImpl.newInstance0(Native Method)
	at sun.reflect.NativeConstructorAccessorImpl.newInstance(NativeConstructorAccessorImpl.java:62)
	at sun.reflect.DelegatingConstructorAccessorImpl.newInstance(DelegatingConstructorAccessorImpl.java:45)
	at java.lang.reflect.Constructor.newInstance(Constructor.java:423)
	at org.openqa.selenium.remote.codec.w3c.W3CHttpResponseCodec.createException(W3CHttpResponseCodec.java:200)
	at org.openqa.selenium.remote.codec.w3c.W3CHttpResponseCodec.decode(W3CHttpResponseCodec.java:133)
	at org.openqa.selenium.remote.codec.w3c.W3CHttpResponseCodec.decode(W3CHttpResponseCodec.java:53)
	at org.openqa.selenium.remote.HttpCommandExecutor.execute(HttpCommandExecutor.java:184)
	at org.openqa.selenium.remote.service.DriverCommandExecutor.invokeExecute(DriverCommandExecutor.java:164)
	at org.openqa.selenium.remote.service.DriverCommandExecutor.execute(DriverCommandExecutor.java:139)
	at org.openqa.selenium.remote.RemoteWebDriver.execute(RemoteWebDriver.java:559)
	at org.openqa.selenium.remote.RemoteWebElement.execute(RemoteWebElement.java:251)
	at org.openqa.selenium.remote.RemoteWebElement.click(RemoteWebElement.java:77)
	at org.example.stepDefs.D06_homeSlidersStepDef.firstSlider(D06_homeSlidersStepDef.java:18)
	at âœ½.clicking on the first slider(file:///C:/Users/Memo/IdeaProjects/EcommerceAutomationProject/src/main/resources/features/F06_homeSliders.feature:4)
&amp#27;[0m
  &amp#27;[36mThen &amp#27;[0m&amp#27;[36mcheck if u are rotated to nokia page&amp#27;[0m      &amp#27;[90m# org.example.stepDefs.D06_homeSlidersStepDef.checkIfUAreRotatedToNokiaPage()&amp#27;[0m
]]></system-out>
    <system-err><![CDATA[Starting ChromeDriver 107.0.5304.62 (1eec40d3a5764881c92085aaee66d25075c159aa-refs/branch-heads/5304@{#942}) on port 59578
Only local connections are allowed.
Please see https://chromedriver.chromium.org/security-considerations for suggestions on keeping ChromeDriver safe.
ChromeDriver was started successfully.
Nov 16, 2022 10:22:32 PM org.openqa.selenium.remote.ProtocolHandshake createSession
INFO: Detected dialect: W3C
Nov 16, 2022 10:22:32 PM org.openqa.selenium.devtools.CdpVersionFinder findNearestMatch
WARNING: Unable to find an exact match for CDP version 107, so returning the closest version found: a no-op implementation
Nov 16, 2022 10:22:32 PM org.openqa.selenium.devtools.CdpVersionFinder findNearestMatch
INFO: Unable to find CDP implementation matching 107.
Nov 16, 2022 10:22:32 PM org.openqa.selenium.chromium.ChromiumDriver lambda$new$3
WARNING: Unable to find version of CDP to use for . You may need to include a dependency on a specific version of the CDP using something similar to `org.seleniumhq.selenium:selenium-devtools-v86:4.0.0` where the version ("v86") matches the version of the chromium-based browser you're using and the version number of the artifact is the same as Selenium's.
]]></system-err>
  </testcase>
  <testcase name="runScenario" classname="org.example.testRunner.runners" time="11.477">
    <failure message="expected [ https://demo.nopcommerce.com/iphone-6] but found [https://demo.nopcommerce.com/]" type="java.lang.AssertionError"><![CDATA[java.lang.AssertionError: expected [ https://demo.nopcommerce.com/iphone-6] but found [https://demo.nopcommerce.com/]
]]></failure>
    <system-out><![CDATA[
@smoke
Scenario: second slider is clickable on home page &amp#27;[90m# src/main/resources/features/F06_homeSliders.feature:7&amp#27;[0m
  &amp#27;[32mWhen &amp#27;[0m&amp#27;[32mclicking on the second slider&amp#27;[0m              &amp#27;[90m# org.example.stepDefs.D06_homeSlidersStepDef.clickingOnTheSecondSlider()&amp#27;[0m
  &amp#27;[31mThen &amp#27;[0m&amp#27;[31mcheck if u are rotated to iphone page&amp#27;[0m      &amp#27;[90m# org.example.stepDefs.D06_homeSlidersStepDef.checkIfUAreRotatedToIphonePage()&amp#27;[0m
      &amp#27;[31mjava.lang.AssertionError: expected [ https://demo.nopcommerce.com/iphone-6] but found [https://demo.nopcommerce.com/]
	at org.testng.Assert.fail(Assert.java:99)
	at org.testng.Assert.failNotEquals(Assert.java:1037)
	at org.testng.Assert.assertEqualsImpl(Assert.java:140)
	at org.testng.Assert.assertEquals(Assert.java:122)
	at org.testng.Assert.assertEquals(Assert.java:629)
	at org.testng.Assert.assertEquals(Assert.java:639)
	at org.example.stepDefs.D06_homeSlidersStepDef.checkIfUAreRotatedToIphonePage(D06_homeSlidersStepDef.java:42)
	at âœ½.check if u are rotated to iphone page(file:///C:/Users/Memo/IdeaProjects/EcommerceAutomationProject/src/main/resources/features/F06_homeSliders.feature:9)
&amp#27;[0m
]]></system-out>
    <system-err><![CDATA[Starting ChromeDriver 107.0.5304.62 (1eec40d3a5764881c92085aaee66d25075c159aa-refs/branch-heads/5304@{#942}) on port 52544
Only local connections are allowed.
Please see https://chromedriver.chromium.org/security-considerations for suggestions on keeping ChromeDriver safe.
ChromeDriver was started successfully.
Nov 16, 2022 10:22:44 PM org.openqa.selenium.remote.ProtocolHandshake createSession
INFO: Detected dialect: W3C
Nov 16, 2022 10:22:44 PM org.openqa.selenium.devtools.CdpVersionFinder findNearestMatch
WARNING: Unable to find an exact match for CDP version 107, so returning the closest version found: a no-op implementation
Nov 16, 2022 10:22:44 PM org.openqa.selenium.devtools.CdpVersionFinder findNearestMatch
INFO: Unable to find CDP implementation matching 107.
Nov 16, 2022 10:22:44 PM org.openqa.selenium.chromium.ChromiumDriver lambda$new$3
WARNING: Unable to find version of CDP to use for . You may need to include a dependency on a specific version of the CDP using something similar to `org.seleniumhq.selenium:selenium-devtools-v86:4.0.0` where the version ("v86") matches the version of the chromium-based browser you're using and the version number of the artifact is the same as Selenium's.
]]></system-err>
  </testcase>
  <testcase name="runScenario" classname="org.example.testRunner.runners" time="22.199"/>
  <testcase name="runScenario" classname="org.example.testRunner.runners" time="16.813"/>
  <testcase name="runScenario" classname="org.example.testRunner.runners" time="12.466">
    <failure message="expected [https://demo.nopcommerce.com/new-online-store-is-open] but found [https://demo.nopcommerce.com/news/rss/1]" type="java.lang.AssertionError"><![CDATA[java.lang.AssertionError: expected [https://demo.nopcommerce.com/new-online-store-is-open] but found [https://demo.nopcommerce.com/news/rss/1]
]]></failure>
    <system-out><![CDATA[
@smoke
Scenario: Check Rss icon        &amp#27;[90m# src/main/resources/features/F07_followUs.feature:14&amp#27;[0m
  &amp#27;[32mWhen &amp#27;[0m&amp#27;[32mclicking on the Rss icon&amp#27;[0m &amp#27;[90m# org.example.stepDefs.D07_followUsStepDef.clickingOnTheRssIcon()&amp#27;[0m
  &amp#27;[31mThen &amp#27;[0m&amp#27;[31mverify the Rss url&amp#27;[0m       &amp#27;[90m# org.example.stepDefs.D07_followUsStepDef.rssURL()&amp#27;[0m
      &amp#27;[31mjava.lang.AssertionError: expected [https://demo.nopcommerce.com/new-online-store-is-open] but found [https://demo.nopcommerce.com/news/rss/1]
	at org.testng.Assert.fail(Assert.java:99)
	at org.testng.Assert.failNotEquals(Assert.java:1037)
	at org.testng.Assert.assertEqualsImpl(Assert.java:140)
	at org.testng.Assert.assertEquals(Assert.java:122)
	at org.testng.Assert.assertEquals(Assert.java:629)
	at org.testng.Assert.assertEquals(Assert.java:639)
	at org.example.stepDefs.D07_followUsStepDef.rssURL(D07_followUsStepDef.java:50)
	at âœ½.verify the Rss url(file:///C:/Users/Memo/IdeaProjects/EcommerceAutomationProject/src/main/resources/features/F07_followUs.feature:16)
&amp#27;[0m
]]></system-out>
    <system-err><![CDATA[Starting ChromeDriver 107.0.5304.62 (1eec40d3a5764881c92085aaee66d25075c159aa-refs/branch-heads/5304@{#942}) on port 56849
Only local connections are allowed.
Please see https://chromedriver.chromium.org/security-considerations for suggestions on keeping ChromeDriver safe.
ChromeDriver was started successfully.
Nov 16, 2022 10:23:35 PM org.openqa.selenium.remote.ProtocolHandshake createSession
INFO: Detected dialect: W3C
Nov 16, 2022 10:23:35 PM org.openqa.selenium.devtools.CdpVersionFinder findNearestMatch
WARNING: Unable to find an exact match for CDP version 107, so returning the closest version found: a no-op implementation
Nov 16, 2022 10:23:35 PM org.openqa.selenium.devtools.CdpVersionFinder findNearestMatch
INFO: Unable to find CDP implementation matching 107.
Nov 16, 2022 10:23:35 PM org.openqa.selenium.chromium.ChromiumDriver lambda$new$3
WARNING: Unable to find version of CDP to use for . You may need to include a dependency on a specific version of the CDP using something similar to `org.seleniumhq.selenium:selenium-devtools-v86:4.0.0` where the version ("v86") matches the version of the chromium-based browser you're using and the version number of the artifact is the same as Selenium's.
]]></system-err>
  </testcase>
  <testcase name="runScenario" classname="org.example.testRunner.runners" time="30.193"/>
  <testcase name="runScenario" classname="org.example.testRunner.runners" time="20.658"/>
</testsuite>