<?xml version="1.0" encoding="UTF-8"?>
<testsuite xmlns:xsi="http://www.w3.org/2001/XMLSchema-instance" xsi:noNamespaceSchemaLocation="https://maven.apache.org/surefire/maven-surefire-plugin/xsd/surefire-test-report-3.0.xsd" version="3.0" name="org.example.testRunner.runners" time="111.867" tests="18" errors="0" skipped="0" failures="17">
  <properties>
[...]
</properties>
  <testcase name="runScenario[&quot;user could search using product name&quot;, &quot;F04_Search | users will be able to search for products with different parameters&quot;](1)" classname="org.example.testRunner.runners" time="48.825">
    <failure message="Cannot invoke &quot;org.openqa.selenium.WebDriver.getCurrentUrl()&quot; because &quot;this.driver&quot; is null" type="java.lang.NullPointerException"><![CDATA[java.lang.NullPointerException: Cannot invoke "org.openqa.selenium.WebDriver.getCurrentUrl()" because "this.driver" is null
	at org.example.stepDefs.D04_searchStepDef.userCouldFindRelativeResults(D04_searchStepDef.java:50)
	at ✽.user could find "laptop" relative results(file:///D:/Work/Testing/FWDEcommerceAutomationApp/src/main/resources/features/F04_Search.feature:7)
]]></failure>
    <system-out><![CDATA[07:19:13,673 |-INFO in ch.qos.logback.classic.LoggerContext[default] - This is logback-classic version 1.4.14
07:19:13,673 |-INFO in ch.qos.logback.classic.util.ContextInitializer@7cbee484 - No custom configurators were discovered as a service.
07:19:13,673 |-INFO in ch.qos.logback.classic.util.ContextInitializer@7cbee484 - Trying to configure with ch.qos.logback.classic.joran.SerializedModelConfigurator
07:19:13,673 |-INFO in ch.qos.logback.classic.util.ContextInitializer@7cbee484 - Constructed configurator of type class ch.qos.logback.classic.joran.SerializedModelConfigurator
07:19:13,689 |-INFO in ch.qos.logback.classic.LoggerContext[default] - Could NOT find resource [logback-test.scmo]
07:19:13,689 |-INFO in ch.qos.logback.classic.LoggerContext[default] - Could NOT find resource [logback.scmo]
07:19:13,702 |-INFO in ch.qos.logback.classic.util.ContextInitializer@7cbee484 - ch.qos.logback.classic.joran.SerializedModelConfigurator.configure() call lasted 16 milliseconds. ExecutionStatus=INVOKE_NEXT_IF_ANY
07:19:13,702 |-INFO in ch.qos.logback.classic.util.ContextInitializer@7cbee484 - Trying to configure with ch.qos.logback.classic.util.DefaultJoranConfigurator
07:19:13,704 |-INFO in ch.qos.logback.classic.util.ContextInitializer@7cbee484 - Constructed configurator of type class ch.qos.logback.classic.util.DefaultJoranConfigurator
07:19:13,704 |-INFO in ch.qos.logback.classic.LoggerContext[default] - Could NOT find resource [logback-test.xml]
07:19:13,704 |-INFO in ch.qos.logback.classic.LoggerContext[default] - Found resource [logback.xml] at [file:/D:/Work/Testing/FWDEcommerceAutomationApp/target/classes/logback.xml]
07:19:13,941 |-INFO in ch.qos.logback.core.model.processor.AppenderModelHandler - Processing appender named [CONSOLE]
07:19:13,941 |-INFO in ch.qos.logback.core.model.processor.AppenderModelHandler - About to instantiate appender of type [ch.qos.logback.core.ConsoleAppender]
07:19:13,948 |-INFO in ch.qos.logback.core.model.processor.ImplicitModelHandler - Assuming default type [ch.qos.logback.classic.encoder.PatternLayoutEncoder] for [encoder] property
07:19:14,005 |-INFO in ch.qos.logback.core.model.processor.AppenderModelHandler - Processing appender named [FILE]
07:19:14,005 |-INFO in ch.qos.logback.core.model.processor.AppenderModelHandler - About to instantiate appender of type [ch.qos.logback.core.rolling.RollingFileAppender]
07:19:14,038 |-INFO in c.q.l.core.rolling.TimeBasedRollingPolicy@2139168000 - No compression will be used
07:19:14,048 |-INFO in c.q.l.core.rolling.TimeBasedRollingPolicy@2139168000 - Will use the pattern target/logs/test-execution.%d{yyyy-MM-dd}.%i.log for the active file
07:19:14,054 |-INFO in ch.qos.logback.core.rolling.SizeAndTimeBasedFNATP@62923ee6 - The date pattern is 'yyyy-MM-dd' from file name pattern 'target/logs/test-execution.%d{yyyy-MM-dd}.%i.log'.
07:19:14,054 |-INFO in ch.qos.logback.core.rolling.SizeAndTimeBasedFNATP@62923ee6 - Roll-over at midnight.
07:19:14,056 |-INFO in ch.qos.logback.core.rolling.SizeAndTimeBasedFNATP@62923ee6 - Setting initial period to 2025-07-08T04:19:14.055Z
07:19:14,057 |-WARN in ch.qos.logback.core.rolling.SizeAndTimeBasedFNATP@62923ee6 - SizeAndTimeBasedFNATP is deprecated. Use SizeAndTimeBasedRollingPolicy instead
07:19:14,057 |-WARN in ch.qos.logback.core.rolling.SizeAndTimeBasedFNATP@62923ee6 - For more information see http://logback.qos.ch/manual/appenders.html#SizeAndTimeBasedRollingPolicy
07:19:14,059 |-INFO in ch.qos.logback.core.model.processor.ImplicitModelHandler - Assuming default type [ch.qos.logback.classic.encoder.PatternLayoutEncoder] for [encoder] property
07:19:14,059 |-INFO in ch.qos.logback.core.rolling.RollingFileAppender[FILE] - Active log file name: target/logs/test-execution.log
07:19:14,059 |-INFO in ch.qos.logback.core.rolling.RollingFileAppender[FILE] - File property is set to [target/logs/test-execution.log]
07:19:14,059 |-INFO in ch.qos.logback.core.model.processor.AppenderModelHandler - Processing appender named [ERROR_FILE]
07:19:14,059 |-INFO in ch.qos.logback.core.model.processor.AppenderModelHandler - About to instantiate appender of type [ch.qos.logback.core.rolling.RollingFileAppender]
07:19:14,074 |-INFO in c.q.l.core.rolling.TimeBasedRollingPolicy@67671827 - No compression will be used
07:19:14,074 |-INFO in c.q.l.core.rolling.TimeBasedRollingPolicy@67671827 - Will use the pattern target/logs/errors.%d{yyyy-MM-dd}.%i.log for the active file
07:19:14,075 |-INFO in ch.qos.logback.core.rolling.SizeAndTimeBasedFNATP@f19c9d2 - The date pattern is 'yyyy-MM-dd' from file name pattern 'target/logs/errors.%d{yyyy-MM-dd}.%i.log'.
07:19:14,075 |-INFO in ch.qos.logback.core.rolling.SizeAndTimeBasedFNATP@f19c9d2 - Roll-over at midnight.
07:19:14,075 |-INFO in ch.qos.logback.core.rolling.SizeAndTimeBasedFNATP@f19c9d2 - Setting initial period to 2025-07-08T04:19:14.075Z
07:19:14,075 |-WARN in ch.qos.logback.core.rolling.SizeAndTimeBasedFNATP@f19c9d2 - SizeAndTimeBasedFNATP is deprecated. Use SizeAndTimeBasedRollingPolicy instead
07:19:14,075 |-WARN in ch.qos.logback.core.rolling.SizeAndTimeBasedFNATP@f19c9d2 - For more information see http://logback.qos.ch/manual/appenders.html#SizeAndTimeBasedRollingPolicy
07:19:14,077 |-INFO in ch.qos.logback.core.model.processor.ImplicitModelHandler - Assuming default type [ch.qos.logback.classic.encoder.PatternLayoutEncoder] for [encoder] property
07:19:14,077 |-INFO in ch.qos.logback.core.rolling.RollingFileAppender[ERROR_FILE] - Active log file name: target/logs/errors.log
07:19:14,077 |-INFO in ch.qos.logback.core.rolling.RollingFileAppender[ERROR_FILE] - File property is set to [target/logs/errors.log]
07:19:14,077 |-INFO in ch.qos.logback.classic.model.processor.LoggerModelHandler - Setting level of logger [org.example] to INFO
07:19:14,077 |-INFO in ch.qos.logback.classic.model.processor.LoggerModelHandler - Setting additivity of logger [org.example] to false
07:19:14,077 |-INFO in ch.qos.logback.core.model.processor.AppenderRefModelHandler - Attaching appender named [CONSOLE] to Logger[org.example]
07:19:14,077 |-INFO in ch.qos.logback.core.model.processor.AppenderRefModelHandler - Attaching appender named [FILE] to Logger[org.example]
07:19:14,077 |-INFO in ch.qos.logback.core.model.processor.AppenderRefModelHandler - Attaching appender named [ERROR_FILE] to Logger[org.example]
07:19:14,077 |-INFO in ch.qos.logback.classic.model.processor.LoggerModelHandler - Setting level of logger [org.openqa.selenium] to WARN
07:19:14,077 |-INFO in ch.qos.logback.classic.model.processor.LoggerModelHandler - Setting additivity of logger [org.openqa.selenium] to false
07:19:14,077 |-INFO in ch.qos.logback.core.model.processor.AppenderRefModelHandler - Attaching appender named [CONSOLE] to Logger[org.openqa.selenium]
07:19:14,077 |-INFO in ch.qos.logback.core.model.processor.AppenderRefModelHandler - Attaching appender named [FILE] to Logger[org.openqa.selenium]
07:19:14,077 |-INFO in ch.qos.logback.classic.model.processor.LoggerModelHandler - Setting level of logger [io.github.bonigarcia] to WARN
07:19:14,077 |-INFO in ch.qos.logback.classic.model.processor.LoggerModelHandler - Setting additivity of logger [io.github.bonigarcia] to false
07:19:14,077 |-INFO in ch.qos.logback.core.model.processor.AppenderRefModelHandler - Attaching appender named [CONSOLE] to Logger[io.github.bonigarcia]
07:19:14,077 |-INFO in ch.qos.logback.core.model.processor.AppenderRefModelHandler - Attaching appender named [FILE] to Logger[io.github.bonigarcia]
07:19:14,077 |-INFO in ch.qos.logback.classic.model.processor.RootLoggerModelHandler - Setting level of ROOT logger to INFO
07:19:14,077 |-INFO in ch.qos.logback.core.model.processor.AppenderRefModelHandler - Attaching appender named [CONSOLE] to Logger[ROOT]
07:19:14,077 |-INFO in ch.qos.logback.core.model.processor.AppenderRefModelHandler - Attaching appender named [FILE] to Logger[ROOT]
07:19:14,077 |-INFO in ch.qos.logback.core.model.processor.DefaultProcessor@7807ac2c - End of configuration.
07:19:14,077 |-INFO in ch.qos.logback.classic.joran.JoranConfigurator@b91d8c4 - Registering current configuration as safe fallback point
07:19:14,077 |-INFO in ch.qos.logback.classic.util.ContextInitializer@7cbee484 - ch.qos.logback.classic.util.DefaultJoranConfigurator.configure() call lasted 373 milliseconds. ExecutionStatus=DO_NOT_INVOKE_NEXT_IF_ANY


@smoke
Scenario: user could login with valid email and password # src/main/resources/features/F02_Login.feature:6

@smoke
Scenario Outline: user could search using product name # src/main/resources/features/F04_Search.feature:12

@smoke
Scenario: user could login with invalid email and password # src/main/resources/features/F02_Login.feature:13

@smoke
Scenario: guest user could register with valid data successfully # src/main/resources/features/F01_Register.feature:3

@smoke
Scenario Outline: user could search using product name        # src/main/resources/features/F04_Search.feature:21

@smoke
Scenario Outline: user could search using product name        # src/main/resources/features/F04_Search.feature:23
07:19:17.099 [TestNG-PoolService-7] INFO  org.example.stepDefs.Hooks - Starting scenario: user could search using product name
07:19:17.100 [TestNG-PoolService-1] INFO  org.example.stepDefs.Hooks - Starting scenario: user could login with valid email and password
07:19:17.088 [TestNG-PoolService-2] INFO  org.example.stepDefs.Hooks - Starting scenario: user could login with invalid email and password
07:19:17.090 [TestNG-PoolService-6] INFO  org.example.stepDefs.Hooks - Starting scenario: user could search using product name
07:19:17.108 [TestNG-PoolService-9] INFO  org.example.stepDefs.Hooks - Starting scenario: user could search using product name
07:19:17.109 [TestNG-PoolService-0] INFO  org.example.stepDefs.Hooks - Starting scenario: guest user could register with valid data successfully

@smoke
Scenario Outline: user could search using product name # src/main/resources/features/F04_Search.feature:11
07:19:17.121 [TestNG-PoolService-5] INFO  org.example.stepDefs.Hooks - Starting scenario: user could search using product name

@smoke
Scenario Outline: user could search using product name # src/main/resources/features/F04_Search.feature:10
07:19:17.127 [TestNG-PoolService-4] INFO  org.example.stepDefs.Hooks - Starting scenario: user could search using product name

@smoke
Scenario Outline: user could search using product name        # src/main/resources/features/F04_Search.feature:22
07:19:17.146 [TestNG-PoolService-8] INFO  org.example.stepDefs.Hooks - Starting scenario: user could search using product name

@smoke
Scenario: user could select euro currency       # src/main/resources/features/F03_currencies.feature:4
07:19:17.171 [TestNG-PoolService-3] INFO  org.example.stepDefs.Hooks - Starting scenario: user could select euro currency
07:19:35.433 [TestNG-PoolService-2] INFO  o.example.stepDefs.D02_loginStepDef - Navigating to login page
07:19:36.087 [TestNG-PoolService-2] INFO  org.example.pages.P02_login - Navigating to login page
07:19:36.648 [TestNG-PoolService-3] INFO  o.e.stepDefs.D03_currenciesStepDef - Selecting Euro currency
07:19:36.692 [TestNG-PoolService-3] INFO  org.example.pages.P03_homePage - Selecting currency: Euro
07:19:37.462 [TestNG-PoolService-8] INFO  o.example.stepDefs.D04_searchStepDef - Clicking on search field
07:19:37.466 [TestNG-PoolService-8] INFO  org.example.pages.P03_homePage - Clicking search field
07:19:38.242 [TestNG-PoolService-0] INFO  o.e.stepDefs.D01_registerStepDef - Navigating to registration page
07:19:40.399 [TestNG-PoolService-0] INFO  org.example.utils.TestDataManager - Generated user data: {firstName=Seth, lastName=Klein, password=C2pJbA$Iy[?E, month=11, year=1987, confirmPassword=C2pJbA$Iy[?E, day=15, email=jerome.littel@yahoo.com}
07:19:40.766 [TestNG-PoolService-4] INFO  o.example.stepDefs.D04_searchStepDef - Clicking on search field
07:19:40.770 [TestNG-PoolService-4] INFO  org.example.pages.P03_homePage - Clicking search field
07:19:40.956 [TestNG-PoolService-7] INFO  o.example.stepDefs.D04_searchStepDef - Clicking on search field
07:19:40.960 [TestNG-PoolService-7] INFO  org.example.pages.P03_homePage - Clicking search field
07:19:41.884 [TestNG-PoolService-5] INFO  o.example.stepDefs.D04_searchStepDef - Clicking on search field
07:19:41.888 [TestNG-PoolService-5] INFO  org.example.pages.P03_homePage - Clicking search field
07:19:41.949 [TestNG-PoolService-6] INFO  o.example.stepDefs.D04_searchStepDef - Clicking on search field
07:19:41.953 [TestNG-PoolService-6] INFO  org.example.pages.P03_homePage - Clicking search field
07:19:43.877 [TestNG-PoolService-1] INFO  o.example.stepDefs.D02_loginStepDef - Navigating to login page
07:19:43.878 [TestNG-PoolService-1] INFO  org.example.pages.P02_login - Navigating to login page
07:19:44.100 [TestNG-PoolService-9] INFO  o.example.stepDefs.D04_searchStepDef - Clicking on search field
07:19:44.102 [TestNG-PoolService-9] INFO  org.example.pages.P03_homePage - Clicking search field
07:19:45.436 [TestNG-PoolService-7] INFO  org.example.pages.P03_homePage - Clicked element: [[ChromeDriver: chrome on windows (910ad1a9c319137e9d233df42cef75b1)] -> id: small-searchterms]
07:19:45.778 [TestNG-PoolService-7] INFO  org.example.pages.P03_homePage - Search field clicked successfully
07:19:45.779 [TestNG-PoolService-7] INFO  o.example.stepDefs.D04_searchStepDef - Search field clicked successfully
07:19:46.732 [TestNG-PoolService-8] INFO  org.example.pages.P03_homePage - Clicked element: [[ChromeDriver: chrome on windows (b22affa0c799a0f448b36c57724c22da)] -> id: small-searchterms]
07:19:46.903 [TestNG-PoolService-8] INFO  org.example.pages.P03_homePage - Search field clicked successfully
07:19:46.904 [TestNG-PoolService-8] INFO  o.example.stepDefs.D04_searchStepDef - Search field clicked successfully
  When user clicks on search field                            # org.example.stepDefs.D04_searchStepDef.click_search()
  When user clicks on search field                            # org.example.stepDefs.D04_searchStepDef.click_search()
07:19:47.111 [TestNG-PoolService-8] INFO  o.example.stepDefs.D04_searchStepDef - Searching for: APPLE_CAM
07:19:47.111 [TestNG-PoolService-8] INFO  org.example.pages.P03_homePage - Entering search term: APPLE_CAM
07:19:47.111 [TestNG-PoolService-7] INFO  o.example.stepDefs.D04_searchStepDef - Searching for: SCI_FAITH
07:19:47.112 [TestNG-PoolService-7] INFO  org.example.pages.P03_homePage - Entering search term: SCI_FAITH
07:19:47.298 [TestNG-PoolService-5] INFO  org.example.pages.P03_homePage - Clicked element: [[ChromeDriver: chrome on windows (23752372094daa7e45e22ff0b1b7017a)] -> id: small-searchterms]
07:19:47.378 [TestNG-PoolService-5] INFO  org.example.pages.P03_homePage - Search field clicked successfully
07:19:47.378 [TestNG-PoolService-5] INFO  o.example.stepDefs.D04_searchStepDef - Search field clicked successfully
  When user clicks on search field                     # org.example.stepDefs.D04_searchStepDef.click_search()
07:19:47.380 [TestNG-PoolService-5] INFO  o.example.stepDefs.D04_searchStepDef - Searching for: laptop
07:19:47.383 [TestNG-PoolService-5] INFO  org.example.pages.P03_homePage - Entering search term: laptop
07:19:47.313 [TestNG-PoolService-6] INFO  org.example.pages.P03_homePage - Clicked element: [[ChromeDriver: chrome on windows (822e941be471e050b3e611188a812209)] -> id: small-searchterms]
07:19:47.447 [TestNG-PoolService-6] INFO  org.example.pages.P03_homePage - Search field clicked successfully
07:19:47.447 [TestNG-PoolService-6] INFO  o.example.stepDefs.D04_searchStepDef - Search field clicked successfully
  When user clicks on search field                     # org.example.stepDefs.D04_searchStepDef.click_search()
07:19:47.449 [TestNG-PoolService-6] INFO  o.example.stepDefs.D04_searchStepDef - Searching for: nike
07:19:47.450 [TestNG-PoolService-6] INFO  org.example.pages.P03_homePage - Entering search term: nike
07:19:47.596 [TestNG-PoolService-4] INFO  org.example.pages.P03_homePage - Clicked element: [[ChromeDriver: chrome on windows (ecc5f871dd8cce091e022e1af48e3bf3)] -> id: small-searchterms]
07:19:47.843 [TestNG-PoolService-4] INFO  org.example.pages.P03_homePage - Search field clicked successfully
07:19:47.843 [TestNG-PoolService-4] INFO  o.example.stepDefs.D04_searchStepDef - Search field clicked successfully
  When user clicks on search field                     # org.example.stepDefs.D04_searchStepDef.click_search()
07:19:47.845 [TestNG-PoolService-4] INFO  o.example.stepDefs.D04_searchStepDef - Searching for: book
07:19:47.845 [TestNG-PoolService-4] INFO  org.example.pages.P03_homePage - Entering search term: book
07:19:48.764 [TestNG-PoolService-0] INFO  org.example.utils.TestDataCache - Cache directory created: target/test-data-cache
07:19:48.678 [TestNG-PoolService-7] INFO  org.example.pages.P03_homePage - Entered text 'SCI_FAITH' into element: [[ChromeDriver: chrome on windows (910ad1a9c319137e9d233df42cef75b1)] -> id: small-searchterms]
07:19:48.796 [TestNG-PoolService-7] INFO  org.example.pages.P03_homePage - Search term entered successfully
07:19:48.796 [TestNG-PoolService-7] INFO  org.example.pages.P03_homePage - Clicking search button
07:19:48.796 [TestNG-PoolService-7] INFO  org.example.pages.P03_homePage - Search button clicked successfully
07:19:48.796 [TestNG-PoolService-7] INFO  o.example.stepDefs.D04_searchStepDef - Search completed for: SCI_FAITH
  And user search with "SCI_FAITH"                            # org.example.stepDefs.D04_searchStepDef.userSearchWith(java.lang.String)
07:19:48.798 [TestNG-PoolService-7] INFO  o.example.stepDefs.D04_searchStepDef - Verifying product detail page contains: SCI_FAITH
07:19:48.282 [TestNG-PoolService-9] INFO  org.example.pages.P03_homePage - Clicked element: [[ChromeDriver: chrome on windows (d6ffd73b91370161a57815bde5e06d4b)] -> id: small-searchterms]
07:19:48.929 [TestNG-PoolService-9] INFO  org.example.pages.P03_homePage - Search field clicked successfully
07:19:48.929 [TestNG-PoolService-9] INFO  o.example.stepDefs.D04_searchStepDef - Search field clicked successfully
  When user clicks on search field                            # org.example.stepDefs.D04_searchStepDef.click_search()
07:19:48.930 [TestNG-PoolService-9] INFO  o.example.stepDefs.D04_searchStepDef - Searching for: SF_PRO_11
07:19:48.931 [TestNG-PoolService-9] INFO  org.example.pages.P03_homePage - Entering search term: SF_PRO_11
07:19:49.154 [TestNG-PoolService-0] ERROR org.example.utils.TestDataCache - Failed to save data to disk for key: registration_user_jerome.littel@yahoo.com
com.fasterxml.jackson.databind.exc.InvalidDefinitionException: Java 8 date/time type `java.time.LocalDateTime` not supported by default: add Module "com.fasterxml.jackson.datatype:jackson-datatype-jsr310" to enable handling (through reference chain: org.example.utils.TestDataCache$CachedData["expiresAt"])
	at com.fasterxml.jackson.databind.exc.InvalidDefinitionException.from(InvalidDefinitionException.java:77)
	at com.fasterxml.jackson.databind.SerializerProvider.reportBadDefinition(SerializerProvider.java:1330)
	at com.fasterxml.jackson.databind.ser.impl.UnsupportedTypeSerializer.serialize(UnsupportedTypeSerializer.java:35)
	at com.fasterxml.jackson.databind.ser.BeanPropertyWriter.serializeAsField(BeanPropertyWriter.java:732)
	at com.fasterxml.jackson.databind.ser.std.BeanSerializerBase.serializeFields(BeanSerializerBase.java:770)
	at com.fasterxml.jackson.databind.ser.BeanSerializer.serialize(BeanSerializer.java:183)
	at com.fasterxml.jackson.databind.ser.DefaultSerializerProvider._serialize(DefaultSerializerProvider.java:502)
	at com.fasterxml.jackson.databind.ser.DefaultSerializerProvider.serializeValue(DefaultSerializerProvider.java:341)
	at com.fasterxml.jackson.databind.ObjectMapper._writeValueAndClose(ObjectMapper.java:4793)
	at com.fasterxml.jackson.databind.ObjectMapper.writeValueAsString(ObjectMapper.java:4038)
	at org.example.utils.TestDataCache.saveToDisk(TestDataCache.java:224)
	at org.example.utils.TestDataCache.cacheData(TestDataCache.java:81)
	at org.example.stepDefs.D01_registerStepDef.go_to_registerPage(D01_registerStepDef.java:31)
	at java.base/jdk.internal.reflect.DirectMethodHandleAccessor.invoke(DirectMethodHandleAccessor.java:103)
	at java.base/java.lang.reflect.Method.invoke(Method.java:580)
	at io.cucumber.java.Invoker.doInvoke(Invoker.java:66)
	at io.cucumber.java.Invoker.invoke(Invoker.java:24)
	at io.cucumber.java.AbstractGlueDefinition.invokeMethod(AbstractGlueDefinition.java:47)
	at io.cucumber.java.JavaStepDefinition.execute(JavaStepDefinition.java:29)
	at io.cucumber.core.runner.CoreStepDefinition.execute(CoreStepDefinition.java:66)
	at io.cucumber.core.runner.PickleStepDefinitionMatch.runStep(PickleStepDefinitionMatch.java:63)
	at io.cucumber.core.runner.ExecutionMode$1.execute(ExecutionMode.java:10)
	at io.cucumber.core.runner.TestStep.executeStep(TestStep.java:84)
	at io.cucumber.core.runner.TestStep.run(TestStep.java:56)
	at io.cucumber.core.runner.PickleStepTestStep.run(PickleStepTestStep.java:51)
	at io.cucumber.core.runner.TestCase.run(TestCase.java:84)
	at io.cucumber.core.runner.Runner.runPickle(Runner.java:75)
	at io.cucumber.testng.TestNGCucumberRunner.lambda$runScenario$1(TestNGCucumberRunner.java:132)
	at io.cucumber.core.runtime.CucumberExecutionContext.lambda$runTestCase$5(CucumberExecutionContext.java:137)
	at io.cucumber.core.runtime.RethrowingThrowableCollector.executeAndThrow(RethrowingThrowableCollector.java:23)
	at io.cucumber.core.runtime.CucumberExecutionContext.runTestCase(CucumberExecutionContext.java:137)
	at io.cucumber.testng.TestNGCucumberRunner.runScenario(TestNGCucumberRunner.java:129)
	at io.cucumber.testng.AbstractTestNGCucumberTests.runScenario(AbstractTestNGCucumberTests.java:35)
	at java.base/jdk.internal.reflect.DirectMethodHandleAccessor.invoke(DirectMethodHandleAccessor.java:103)
	at java.base/java.lang.reflect.Method.invoke(Method.java:580)
	at org.testng.internal.invokers.MethodInvocationHelper.invokeMethod(MethodInvocationHelper.java:139)
	at org.testng.internal.invokers.TestInvoker.invokeMethod(TestInvoker.java:664)
	at org.testng.internal.invokers.TestInvoker.invokeTestMethod(TestInvoker.java:227)
	at org.testng.internal.invokers.TestMethodWithDataProviderMethodWorker.call(TestMethodWithDataProviderMethodWorker.java:80)
	at org.testng.internal.invokers.TestMethodWithDataProviderMethodWorker.call(TestMethodWithDataProviderMethodWorker.java:17)
	at java.base/java.util.concurrent.FutureTask.run(FutureTask.java:317)
	at java.base/java.util.concurrent.Executors$RunnableAdapter.call(Executors.java:572)
	at java.base/java.util.concurrent.FutureTask.run(FutureTask.java:317)
	at java.base/java.util.concurrent.ThreadPoolExecutor.runWorker(ThreadPoolExecutor.java:1144)
	at java.base/java.util.concurrent.ThreadPoolExecutor$Worker.run(ThreadPoolExecutor.java:642)
	at java.base/java.lang.Thread.run(Thread.java:1583)
07:19:49.164 [TestNG-PoolService-0] INFO  org.example.pages.P01_register - Clicking register link
07:19:49.423 [TestNG-PoolService-5] INFO  org.example.pages.P03_homePage - Entered text 'laptop' into element: [[ChromeDriver: chrome on windows (23752372094daa7e45e22ff0b1b7017a)] -> id: small-searchterms]
07:19:49.563 [TestNG-PoolService-5] INFO  org.example.pages.P03_homePage - Search term entered successfully
07:19:49.563 [TestNG-PoolService-5] INFO  org.example.pages.P03_homePage - Clicking search button
07:19:49.563 [TestNG-PoolService-5] INFO  org.example.pages.P03_homePage - Search button clicked successfully
07:19:49.563 [TestNG-PoolService-5] INFO  o.example.stepDefs.D04_searchStepDef - Search completed for: laptop
  And user search with "laptop"                        # org.example.stepDefs.D04_searchStepDef.userSearchWith(java.lang.String)
07:19:49.568 [TestNG-PoolService-5] INFO  o.example.stepDefs.D04_searchStepDef - Verifying search results for: laptop
  Then user could find "laptop" relative results       # org.example.stepDefs.D04_searchStepDef.userCouldFindRelativeResults(java.lang.String)
      java.lang.NullPointerException: Cannot invoke "org.openqa.selenium.WebDriver.getCurrentUrl()" because "this.driver" is null
	at org.example.stepDefs.D04_searchStepDef.userCouldFindRelativeResults(D04_searchStepDef.java:50)
	at ✽.user could find "laptop" relative results(file:///D:/Work/Testing/FWDEcommerceAutomationApp/src/main/resources/features/F04_Search.feature:7)

07:19:49.654 [TestNG-PoolService-5] ERROR org.example.stepDefs.Hooks - Scenario failed: user could search using product name

    Embedding Screenshot [image/png 418167 bytes]

07:19:50.445 [TestNG-PoolService-8] INFO  org.example.pages.P03_homePage - Entered text 'APPLE_CAM' into element: [[ChromeDriver: chrome on windows (b22affa0c799a0f448b36c57724c22da)] -> id: small-searchterms]
07:19:50.489 [TestNG-PoolService-8] INFO  org.example.pages.P03_homePage - Search term entered successfully
07:19:50.489 [TestNG-PoolService-8] INFO  org.example.pages.P03_homePage - Clicking search button
07:19:50.489 [TestNG-PoolService-8] INFO  org.example.pages.P03_homePage - Search button clicked successfully
07:19:50.489 [TestNG-PoolService-8] INFO  o.example.stepDefs.D04_searchStepDef - Search completed for: APPLE_CAM
  And user search with "APPLE_CAM"                            # org.example.stepDefs.D04_searchStepDef.userSearchWith(java.lang.String)
07:19:50.666 [TestNG-PoolService-8] INFO  o.example.stepDefs.D04_searchStepDef - Verifying product detail page contains: APPLE_CAM
07:19:50.724 [TestNG-PoolService-5] INFO  org.example.stepDefs.Hooks - Screenshot saved: target\screenshots\user_could_search_using_product_name_20250708_071950.png
07:19:51.372 [TestNG-PoolService-6] INFO  org.example.pages.P03_homePage - Entered text 'nike' into element: [[ChromeDriver: chrome on windows (822e941be471e050b3e611188a812209)] -> id: small-searchterms]
07:19:51.411 [TestNG-PoolService-6] INFO  org.example.pages.P03_homePage - Search term entered successfully
07:19:51.411 [TestNG-PoolService-6] INFO  org.example.pages.P03_homePage - Clicking search button
07:19:51.414 [TestNG-PoolService-6] INFO  org.example.pages.P03_homePage - Search button clicked successfully
07:19:51.414 [TestNG-PoolService-6] INFO  o.example.stepDefs.D04_searchStepDef - Search completed for: nike
  And user search with "nike"                          # org.example.stepDefs.D04_searchStepDef.userSearchWith(java.lang.String)
07:19:51.425 [TestNG-PoolService-6] INFO  o.example.stepDefs.D04_searchStepDef - Verifying search results for: nike
  Then user could find "nike" relative results         # org.example.stepDefs.D04_searchStepDef.userCouldFindRelativeResults(java.lang.String)
      java.lang.NullPointerException: Cannot invoke "org.openqa.selenium.WebDriver.getCurrentUrl()" because "this.driver" is null
	at org.example.stepDefs.D04_searchStepDef.userCouldFindRelativeResults(D04_searchStepDef.java:50)
	at ✽.user could find "nike" relative results(file:///D:/Work/Testing/FWDEcommerceAutomationApp/src/main/resources/features/F04_Search.feature:7)

07:19:51.432 [TestNG-PoolService-6] ERROR org.example.stepDefs.Hooks - Scenario failed: user could search using product name

    Embedding Screenshot [image/png 418656 bytes]

07:19:52.092 [TestNG-PoolService-6] INFO  org.example.stepDefs.Hooks - Screenshot saved: target\screenshots\user_could_search_using_product_name_20250708_071952.png
07:19:53.686 [TestNG-PoolService-4] INFO  org.example.pages.P03_homePage - Entered text 'book' into element: [[ChromeDriver: chrome on windows (ecc5f871dd8cce091e022e1af48e3bf3)] -> id: small-searchterms]
07:19:53.890 [TestNG-PoolService-4] INFO  org.example.pages.P03_homePage - Search term entered successfully
07:19:53.890 [TestNG-PoolService-4] INFO  org.example.pages.P03_homePage - Clicking search button
07:19:53.890 [TestNG-PoolService-4] INFO  org.example.pages.P03_homePage - Search button clicked successfully
07:19:53.890 [TestNG-PoolService-4] INFO  o.example.stepDefs.D04_searchStepDef - Search completed for: book
  And user search with "book"                          # org.example.stepDefs.D04_searchStepDef.userSearchWith(java.lang.String)
07:19:53.894 [TestNG-PoolService-4] INFO  o.example.stepDefs.D04_searchStepDef - Verifying search results for: book
  Then user could find "book" relative results         # org.example.stepDefs.D04_searchStepDef.userCouldFindRelativeResults(java.lang.String)
      java.lang.NullPointerException: Cannot invoke "org.openqa.selenium.WebDriver.getCurrentUrl()" because "this.driver" is null
	at org.example.stepDefs.D04_searchStepDef.userCouldFindRelativeResults(D04_searchStepDef.java:50)
	at ✽.user could find "book" relative results(file:///D:/Work/Testing/FWDEcommerceAutomationApp/src/main/resources/features/F04_Search.feature:7)

07:19:53.902 [TestNG-PoolService-4] ERROR org.example.stepDefs.Hooks - Scenario failed: user could search using product name
07:19:54.158 [TestNG-PoolService-9] INFO  org.example.pages.P03_homePage - Entered text 'SF_PRO_11' into element: [[ChromeDriver: chrome on windows (d6ffd73b91370161a57815bde5e06d4b)] -> id: small-searchterms]
07:19:54.255 [TestNG-PoolService-9] INFO  org.example.pages.P03_homePage - Search term entered successfully
07:19:54.255 [TestNG-PoolService-9] INFO  org.example.pages.P03_homePage - Clicking search button
07:19:54.255 [TestNG-PoolService-9] INFO  org.example.pages.P03_homePage - Search button clicked successfully
07:19:54.255 [TestNG-PoolService-9] INFO  o.example.stepDefs.D04_searchStepDef - Search completed for: SF_PRO_11
  And user search with "SF_PRO_11"                            # org.example.stepDefs.D04_searchStepDef.userSearchWith(java.lang.String)
07:19:54.258 [TestNG-PoolService-9] INFO  o.example.stepDefs.D04_searchStepDef - Verifying product detail page contains: SF_PRO_11

    Embedding Screenshot [image/png 419038 bytes]

07:19:54.607 [TestNG-PoolService-4] INFO  org.example.stepDefs.Hooks - Screenshot saved: target\screenshots\user_could_search_using_product_name_20250708_071954.png
07:20:00.611 [TestNG-PoolService-3] INFO  org.example.pages.P03_homePage - Currency selected successfully
07:20:00.612 [TestNG-PoolService-3] INFO  o.e.stepDefs.D03_currenciesStepDef - Euro currency selected successfully
  When user select euro option                  # org.example.stepDefs.D03_currenciesStepDef.select_euro()
07:20:00.614 [TestNG-PoolService-3] INFO  o.e.stepDefs.D03_currenciesStepDef - Verifying Euro symbol on all products
07:20:00.615 [TestNG-PoolService-3] INFO  org.example.pages.P03_homePage - Getting product prices
]]></system-out>
    <system-err><![CDATA[Jul 08, 2025 7:19:24 AM org.openqa.selenium.devtools.CdpVersionFinder findNearestMatch
WARNING: Unable to find CDP implementation matching 137
Jul 08, 2025 7:19:24 AM org.openqa.selenium.devtools.CdpVersionFinder findNearestMatch
WARNING: Unable to find CDP implementation matching 137
Jul 08, 2025 7:19:24 AM org.openqa.selenium.chromium.ChromiumDriver lambda$new$5
WARNING: Unable to find version of CDP to use for 137.0.7151.122. You may need to include a dependency on a specific version of the CDP using something similar to `org.seleniumhq.selenium:selenium-devtools-v86:4.16.1` where the version ("v86") matches the version of the chromium-based browser you're using and the version number of the artifact is the same as Selenium's.
Jul 08, 2025 7:19:24 AM org.openqa.selenium.devtools.CdpVersionFinder findNearestMatch
WARNING: Unable to find CDP implementation matching 137
Jul 08, 2025 7:19:24 AM org.openqa.selenium.chromium.ChromiumDriver lambda$new$5
WARNING: Unable to find version of CDP to use for 137.0.7151.122. You may need to include a dependency on a specific version of the CDP using something similar to `org.seleniumhq.selenium:selenium-devtools-v86:4.16.1` where the version ("v86") matches the version of the chromium-based browser you're using and the version number of the artifact is the same as Selenium's.
Jul 08, 2025 7:19:24 AM org.openqa.selenium.devtools.CdpVersionFinder findNearestMatch
WARNING: Unable to find CDP implementation matching 137
Jul 08, 2025 7:19:24 AM org.openqa.selenium.chromium.ChromiumDriver lambda$new$5
WARNING: Unable to find version of CDP to use for 137.0.7151.122. You may need to include a dependency on a specific version of the CDP using something similar to `org.seleniumhq.selenium:selenium-devtools-v86:4.16.1` where the version ("v86") matches the version of the chromium-based browser you're using and the version number of the artifact is the same as Selenium's.
Jul 08, 2025 7:19:24 AM org.openqa.selenium.devtools.CdpVersionFinder findNearestMatch
WARNING: Unable to find CDP implementation matching 137
Jul 08, 2025 7:19:24 AM org.openqa.selenium.chromium.ChromiumDriver lambda$new$5
WARNING: Unable to find version of CDP to use for 137.0.7151.122. You may need to include a dependency on a specific version of the CDP using something similar to `org.seleniumhq.selenium:selenium-devtools-v86:4.16.1` where the version ("v86") matches the version of the chromium-based browser you're using and the version number of the artifact is the same as Selenium's.
Jul 08, 2025 7:19:24 AM org.openqa.selenium.devtools.CdpVersionFinder findNearestMatch
WARNING: Unable to find CDP implementation matching 137
Jul 08, 2025 7:19:24 AM org.openqa.selenium.devtools.CdpVersionFinder findNearestMatch
WARNING: Unable to find CDP implementation matching 137
Jul 08, 2025 7:19:24 AM org.openqa.selenium.devtools.CdpVersionFinder findNearestMatch
WARNING: Unable to find CDP implementation matching 137
Jul 08, 2025 7:19:24 AM org.openqa.selenium.devtools.CdpVersionFinder findNearestMatch
WARNING: Unable to find CDP implementation matching 137
Jul 08, 2025 7:19:24 AM org.openqa.selenium.chromium.ChromiumDriver lambda$new$5
WARNING: Unable to find version of CDP to use for 137.0.7151.122. You may need to include a dependency on a specific version of the CDP using something similar to `org.seleniumhq.selenium:selenium-devtools-v86:4.16.1` where the version ("v86") matches the version of the chromium-based browser you're using and the version number of the artifact is the same as Selenium's.
Jul 08, 2025 7:19:24 AM org.openqa.selenium.chromium.ChromiumDriver lambda$new$5
WARNING: Unable to find version of CDP to use for 137.0.7151.122. You may need to include a dependency on a specific version of the CDP using something similar to `org.seleniumhq.selenium:selenium-devtools-v86:4.16.1` where the version ("v86") matches the version of the chromium-based browser you're using and the version number of the artifact is the same as Selenium's.
Jul 08, 2025 7:19:24 AM org.openqa.selenium.chromium.ChromiumDriver lambda$new$5
WARNING: Unable to find version of CDP to use for 137.0.7151.122. You may need to include a dependency on a specific version of the CDP using something similar to `org.seleniumhq.selenium:selenium-devtools-v86:4.16.1` where the version ("v86") matches the version of the chromium-based browser you're using and the version number of the artifact is the same as Selenium's.
Jul 08, 2025 7:19:24 AM org.openqa.selenium.chromium.ChromiumDriver lambda$new$5
WARNING: Unable to find version of CDP to use for 137.0.7151.122. You may need to include a dependency on a specific version of the CDP using something similar to `org.seleniumhq.selenium:selenium-devtools-v86:4.16.1` where the version ("v86") matches the version of the chromium-based browser you're using and the version number of the artifact is the same as Selenium's.
Jul 08, 2025 7:19:24 AM org.openqa.selenium.chromium.ChromiumDriver lambda$new$5
WARNING: Unable to find version of CDP to use for 137.0.7151.122. You may need to include a dependency on a specific version of the CDP using something similar to `org.seleniumhq.selenium:selenium-devtools-v86:4.16.1` where the version ("v86") matches the version of the chromium-based browser you're using and the version number of the artifact is the same as Selenium's.
Jul 08, 2025 7:19:35 AM org.openqa.selenium.devtools.CdpVersionFinder findNearestMatch
WARNING: Unable to find CDP implementation matching 137
Jul 08, 2025 7:19:35 AM org.openqa.selenium.chromium.ChromiumDriver lambda$new$5
WARNING: Unable to find version of CDP to use for 137.0.7151.122. You may need to include a dependency on a specific version of the CDP using something similar to `org.seleniumhq.selenium:selenium-devtools-v86:4.16.1` where the version ("v86") matches the version of the chromium-based browser you're using and the version number of the artifact is the same as Selenium's.
]]></system-err>
  </testcase>
  <testcase name="runScenario[&quot;user could search using product name&quot;, &quot;F04_Search | users will be able to search for products with different parameters&quot;](2)" classname="org.example.testRunner.runners" time="5.117">
    <failure message="Cannot invoke &quot;org.openqa.selenium.WebDriver.getCurrentUrl()&quot; because &quot;this.driver&quot; is null" type="java.lang.NullPointerException"><![CDATA[java.lang.NullPointerException: Cannot invoke "org.openqa.selenium.WebDriver.getCurrentUrl()" because "this.driver" is null
	at org.example.stepDefs.D04_searchStepDef.userCouldFindRelativeResults(D04_searchStepDef.java:50)
	at ✽.user could find "nike" relative results(file:///D:/Work/Testing/FWDEcommerceAutomationApp/src/main/resources/features/F04_Search.feature:7)
]]></failure>
    <system-out><![CDATA[
@smoke
Scenario: hover over categories                                                               # src/main/resources/features/F05_hoverCategories.feature:3
07:20:05.348 [TestNG-PoolService-5] INFO  org.example.stepDefs.Hooks - Starting scenario: hover over categories
07:19:55.308 [TestNG-PoolService-7] INFO  org.example.pages.P03_homePage - Clicked element: Proxy element for: DefaultElementLocator 'By.cssSelector: h2[class="product-title"] > a'
07:20:09.412 [TestNG-PoolService-0] ERROR org.example.pages.P01_register - Failed to click element: [FAILED toString()]
org.openqa.selenium.NoSuchWindowException: no such window: target window already closed
from unknown error: web view not found
  (Session info: chrome=137.0.7151.122)
Build info: version: '4.16.1', revision: '9b4c83354e'
System info: os.name: 'Windows 11', os.arch: 'amd64', os.version: '10.0', java.version: '21.0.5'
Driver info: org.openqa.selenium.chrome.ChromeDriver
Command: [f98a8e1fbe4854d4e237c1aba8181535, findElement {using=css selector, value=a[class="ico-register"]}]
Capabilities {acceptInsecureCerts: false, browserName: chrome, browserVersion: 137.0.7151.122, chrome: {chromedriverVersion: 137.0.7151.119 (e0ac9d12dff..., userDataDir: C:\Users\omar_\AppData\Loca...}, fedcm:accounts: true, goog:chromeOptions: {debuggerAddress: localhost:53448}, networkConnectionEnabled: false, pageLoadStrategy: normal, platformName: windows, proxy: Proxy(), se:cdp: ws://localhost:53448/devtoo..., se:cdpVersion: 137.0.7151.122, setWindowRect: true, strictFileInteractability: false, timeouts: {implicit: 0, pageLoad: 300000, script: 30000}, unhandledPromptBehavior: dismiss and notify, webauthn:extension:credBlob: true, webauthn:extension:largeBlob: true, webauthn:extension:minPinLength: true, webauthn:extension:prf: true, webauthn:virtualAuthenticators: true}
Session ID: f98a8e1fbe4854d4e237c1aba8181535
	at java.base/jdk.internal.reflect.DirectConstructorHandleAccessor.newInstance(DirectConstructorHandleAccessor.java:62)
	at java.base/java.lang.reflect.Constructor.newInstanceWithCaller(Constructor.java:502)
	at java.base/java.lang.reflect.Constructor.newInstance(Constructor.java:486)
	at org.openqa.selenium.remote.codec.w3c.W3CHttpResponseCodec.createException(W3CHttpResponseCodec.java:200)
	at org.openqa.selenium.remote.codec.w3c.W3CHttpResponseCodec.decode(W3CHttpResponseCodec.java:133)
	at org.openqa.selenium.remote.codec.w3c.W3CHttpResponseCodec.decode(W3CHttpResponseCodec.java:52)
	at org.openqa.selenium.remote.HttpCommandExecutor.execute(HttpCommandExecutor.java:191)
	at org.openqa.selenium.remote.service.DriverCommandExecutor.invokeExecute(DriverCommandExecutor.java:200)
	at org.openqa.selenium.remote.service.DriverCommandExecutor.execute(DriverCommandExecutor.java:175)
	at org.openqa.selenium.remote.RemoteWebDriver.execute(RemoteWebDriver.java:523)
	at org.openqa.selenium.remote.ElementLocation$ElementFinder$2.findElement(ElementLocation.java:165)
	at org.openqa.selenium.remote.ElementLocation.findElement(ElementLocation.java:59)
	at org.openqa.selenium.remote.RemoteWebDriver.findElement(RemoteWebDriver.java:360)
	at org.openqa.selenium.remote.RemoteWebDriver.findElement(RemoteWebDriver.java:354)
	at org.openqa.selenium.support.pagefactory.DefaultElementLocator.findElement(DefaultElementLocator.java:68)
	at org.openqa.selenium.support.pagefactory.internal.LocatingElementHandler.invoke(LocatingElementHandler.java:38)
	at jdk.proxy2/jdk.proxy2.$Proxy28.toString(Unknown Source)
	at java.base/java.lang.StringConcatHelper.stringOf(StringConcatHelper.java:467)
	at java.base/java.lang.StringConcatHelper.simpleConcat(StringConcatHelper.java:422)
	at org.openqa.selenium.support.ui.ExpectedConditions$23.toString(ExpectedConditions.java:669)
	at java.base/java.lang.StringConcatHelper.stringOf(StringConcatHelper.java:467)
	at java.base/java.lang.StringConcatHelper.simpleConcat(StringConcatHelper.java:422)
	at org.openqa.selenium.support.ui.FluentWait.until(FluentWait.java:226)
	at org.example.core.BasePage.waitForElementToBeClickable(BasePage.java:36)
	at org.example.core.BasePage.clickElement(BasePage.java:50)
	at org.example.pages.P01_register.clickRegisterLink(P01_register.java:75)
	at org.example.stepDefs.D01_registerStepDef.go_to_registerPage(D01_registerStepDef.java:33)
	at java.base/jdk.internal.reflect.DirectMethodHandleAccessor.invoke(DirectMethodHandleAccessor.java:103)
	at java.base/java.lang.reflect.Method.invoke(Method.java:580)
	at io.cucumber.java.Invoker.doInvoke(Invoker.java:66)
	at io.cucumber.java.Invoker.invoke(Invoker.java:24)
	at io.cucumber.java.AbstractGlueDefinition.invokeMethod(AbstractGlueDefinition.java:47)
	at io.cucumber.java.JavaStepDefinition.execute(JavaStepDefinition.java:29)
	at io.cucumber.core.runner.CoreStepDefinition.execute(CoreStepDefinition.java:66)
	at io.cucumber.core.runner.PickleStepDefinitionMatch.runStep(PickleStepDefinitionMatch.java:63)
	at io.cucumber.core.runner.ExecutionMode$1.execute(ExecutionMode.java:10)
	at io.cucumber.core.runner.TestStep.executeStep(TestStep.java:84)
	at io.cucumber.core.runner.TestStep.run(TestStep.java:56)
	at io.cucumber.core.runner.PickleStepTestStep.run(PickleStepTestStep.java:51)
	at io.cucumber.core.runner.TestCase.run(TestCase.java:84)
	at io.cucumber.core.runner.Runner.runPickle(Runner.java:75)
	at io.cucumber.testng.TestNGCucumberRunner.lambda$runScenario$1(TestNGCucumberRunner.java:132)
	at io.cucumber.core.runtime.CucumberExecutionContext.lambda$runTestCase$5(CucumberExecutionContext.java:137)
	at io.cucumber.core.runtime.RethrowingThrowableCollector.executeAndThrow(RethrowingThrowableCollector.java:23)
	at io.cucumber.core.runtime.CucumberExecutionContext.runTestCase(CucumberExecutionContext.java:137)
	at io.cucumber.testng.TestNGCucumberRunner.runScenario(TestNGCucumberRunner.java:129)
	at io.cucumber.testng.AbstractTestNGCucumberTests.runScenario(AbstractTestNGCucumberTests.java:35)
	at java.base/jdk.internal.reflect.DirectMethodHandleAccessor.invoke(DirectMethodHandleAccessor.java:103)
	at java.base/java.lang.reflect.Method.invoke(Method.java:580)
	at org.testng.internal.invokers.MethodInvocationHelper.invokeMethod(MethodInvocationHelper.java:139)
	at org.testng.internal.invokers.TestInvoker.invokeMethod(TestInvoker.java:664)
	at org.testng.internal.invokers.TestInvoker.invokeTestMethod(TestInvoker.java:227)
	at org.testng.internal.invokers.TestMethodWithDataProviderMethodWorker.call(TestMethodWithDataProviderMethodWorker.java:80)
	at org.testng.internal.invokers.TestMethodWithDataProviderMethodWorker.call(TestMethodWithDataProviderMethodWorker.java:17)
	at java.base/java.util.concurrent.FutureTask.run(FutureTask.java:317)
	at java.base/java.util.concurrent.Executors$RunnableAdapter.call(Executors.java:572)
	at java.base/java.util.concurrent.FutureTask.run(FutureTask.java:317)
	at java.base/java.util.concurrent.ThreadPoolExecutor.runWorker(ThreadPoolExecutor.java:1144)
	at java.base/java.util.concurrent.ThreadPoolExecutor$Worker.run(ThreadPoolExecutor.java:642)
	at java.base/java.lang.Thread.run(Thread.java:1583)
  Given user go to register page                                 # org.example.stepDefs.D01_registerStepDef.go_to_registerPage()
      org.openqa.selenium.NoSuchWindowException: no such window: target window already closed
from unknown error: web view not found
  (Session info: chrome=137.0.7151.122)
Build info: version: '4.16.1', revision: '9b4c83354e'
System info: os.name: 'Windows 11', os.arch: 'amd64', os.version: '10.0', java.version: '21.0.5'
Driver info: org.openqa.selenium.chrome.ChromeDriver
Command: [f98a8e1fbe4854d4e237c1aba8181535, findElement {using=css selector, value=a[class="ico-register"]}]
Capabilities {acceptInsecureCerts: false, browserName: chrome, browserVersion: 137.0.7151.122, chrome: {chromedriverVersion: 137.0.7151.119 (e0ac9d12dff..., userDataDir: C:\Users\omar_\AppData\Loca...}, fedcm:accounts: true, goog:chromeOptions: {debuggerAddress: localhost:53448}, networkConnectionEnabled: false, pageLoadStrategy: normal, platformName: windows, proxy: Proxy(), se:cdp: ws://localhost:53448/devtoo..., se:cdpVersion: 137.0.7151.122, setWindowRect: true, strictFileInteractability: false, timeouts: {implicit: 0, pageLoad: 300000, script: 30000}, unhandledPromptBehavior: dismiss and notify, webauthn:extension:credBlob: true, webauthn:extension:largeBlob: true, webauthn:extension:minPinLength: true, webauthn:extension:prf: true, webauthn:virtualAuthenticators: true}
Session ID: f98a8e1fbe4854d4e237c1aba8181535
	at java.base/jdk.internal.reflect.DirectConstructorHandleAccessor.newInstance(DirectConstructorHandleAccessor.java:62)
	at java.base/java.lang.reflect.Constructor.newInstanceWithCaller(Constructor.java:502)
	at java.base/java.lang.reflect.Constructor.newInstance(Constructor.java:486)
	at org.openqa.selenium.remote.codec.w3c.W3CHttpResponseCodec.createException(W3CHttpResponseCodec.java:200)
	at org.openqa.selenium.remote.codec.w3c.W3CHttpResponseCodec.decode(W3CHttpResponseCodec.java:133)
	at org.openqa.selenium.remote.codec.w3c.W3CHttpResponseCodec.decode(W3CHttpResponseCodec.java:52)
	at org.openqa.selenium.remote.HttpCommandExecutor.execute(HttpCommandExecutor.java:191)
	at org.openqa.selenium.remote.service.DriverCommandExecutor.invokeExecute(DriverCommandExecutor.java:200)
	at org.openqa.selenium.remote.service.DriverCommandExecutor.execute(DriverCommandExecutor.java:175)
	at org.openqa.selenium.remote.RemoteWebDriver.execute(RemoteWebDriver.java:523)
	at org.openqa.selenium.remote.ElementLocation$ElementFinder$2.findElement(ElementLocation.java:165)
	at org.openqa.selenium.remote.ElementLocation.findElement(ElementLocation.java:59)
	at org.openqa.selenium.remote.RemoteWebDriver.findElement(RemoteWebDriver.java:360)
	at org.openqa.selenium.remote.RemoteWebDriver.findElement(RemoteWebDriver.java:354)
	at org.openqa.selenium.support.pagefactory.DefaultElementLocator.findElement(DefaultElementLocator.java:68)
	at org.openqa.selenium.support.pagefactory.internal.LocatingElementHandler.invoke(LocatingElementHandler.java:38)
	at jdk.proxy2/jdk.proxy2.$Proxy28.toString(Unknown Source)
	at java.base/java.lang.StringConcatHelper.stringOf(StringConcatHelper.java:467)
	at java.base/java.lang.StringConcatHelper.simpleConcat(StringConcatHelper.java:422)
	at org.openqa.selenium.support.ui.ExpectedConditions$23.toString(ExpectedConditions.java:669)
	at java.base/java.lang.StringConcatHelper.stringOf(StringConcatHelper.java:467)
	at java.base/java.lang.StringConcatHelper.simpleConcat(StringConcatHelper.java:422)
	at org.openqa.selenium.support.ui.FluentWait.until(FluentWait.java:226)
	at org.example.core.BasePage.waitForElementToBeClickable(BasePage.java:36)
	at org.example.core.BasePage.clickElement(BasePage.java:50)
	at org.example.pages.P01_register.clickRegisterLink(P01_register.java:75)
	at org.example.stepDefs.D01_registerStepDef.go_to_registerPage(D01_registerStepDef.java:33)
	at ✽.user go to register page(file:///D:/Work/Testing/FWDEcommerceAutomationApp/src/main/resources/features/F01_Register.feature:4)

  When user select gender type                                   # org.example.stepDefs.D01_registerStepDef.select_gender()
  And user enter "automation" and "tester"                       # org.example.stepDefs.D01_registerStepDef.username(java.lang.String,java.lang.String)
  And user enter date of birth                                   # org.example.stepDefs.D01_registerStepDef.birth_date()
  And user enter email field                                     # org.example.stepDefs.D01_registerStepDef.email_field()
  And user fills Password fields "P@ssw0rd" "P@ssw0rd"           # org.example.stepDefs.D01_registerStepDef.password_field(java.lang.String,java.lang.String)
  And user clicks on register button                             # org.example.stepDefs.D01_registerStepDef.register_button()
  Then success message is displayed                              # org.example.stepDefs.D01_registerStepDef.success_message()
07:20:09.531 [TestNG-PoolService-0] ERROR org.example.stepDefs.Hooks - Scenario failed: guest user could register with valid data successfully
07:20:09.571 [TestNG-PoolService-0] ERROR org.example.stepDefs.Hooks - Failed to take screenshot
org.openqa.selenium.NoSuchWindowException: no such window: target window already closed
from unknown error: web view not found
  (Session info: chrome=137.0.7151.122)
Build info: version: '4.16.1', revision: '9b4c83354e'
System info: os.name: 'Windows 11', os.arch: 'amd64', os.version: '10.0', java.version: '21.0.5'
Driver info: org.openqa.selenium.chrome.ChromeDriver
Command: [f98a8e1fbe4854d4e237c1aba8181535, screenshot {}]
Capabilities {acceptInsecureCerts: false, browserName: chrome, browserVersion: 137.0.7151.122, chrome: {chromedriverVersion: 137.0.7151.119 (e0ac9d12dff..., userDataDir: C:\Users\omar_\AppData\Loca...}, fedcm:accounts: true, goog:chromeOptions: {debuggerAddress: localhost:53448}, networkConnectionEnabled: false, pageLoadStrategy: normal, platformName: windows, proxy: Proxy(), se:cdp: ws://localhost:53448/devtoo..., se:cdpVersion: 137.0.7151.122, setWindowRect: true, strictFileInteractability: false, timeouts: {implicit: 0, pageLoad: 300000, script: 30000}, unhandledPromptBehavior: dismiss and notify, webauthn:extension:credBlob: true, webauthn:extension:largeBlob: true, webauthn:extension:minPinLength: true, webauthn:extension:prf: true, webauthn:virtualAuthenticators: true}
Session ID: f98a8e1fbe4854d4e237c1aba8181535
	at java.base/jdk.internal.reflect.DirectConstructorHandleAccessor.newInstance(DirectConstructorHandleAccessor.java:62)
	at java.base/java.lang.reflect.Constructor.newInstanceWithCaller(Constructor.java:502)
	at java.base/java.lang.reflect.Constructor.newInstance(Constructor.java:486)
	at org.openqa.selenium.remote.codec.w3c.W3CHttpResponseCodec.createException(W3CHttpResponseCodec.java:200)
	at org.openqa.selenium.remote.codec.w3c.W3CHttpResponseCodec.decode(W3CHttpResponseCodec.java:133)
	at org.openqa.selenium.remote.codec.w3c.W3CHttpResponseCodec.decode(W3CHttpResponseCodec.java:52)
	at org.openqa.selenium.remote.HttpCommandExecutor.execute(HttpCommandExecutor.java:191)
	at org.openqa.selenium.remote.service.DriverCommandExecutor.invokeExecute(DriverCommandExecutor.java:200)
	at org.openqa.selenium.remote.service.DriverCommandExecutor.execute(DriverCommandExecutor.java:175)
	at org.openqa.selenium.remote.RemoteWebDriver.execute(RemoteWebDriver.java:523)
	at org.openqa.selenium.remote.RemoteWebDriver.execute(RemoteWebDriver.java:596)
	at org.openqa.selenium.remote.RemoteWebDriver.execute(RemoteWebDriver.java:600)
	at org.openqa.selenium.remote.RemoteWebDriver.getScreenshotAs(RemoteWebDriver.java:326)
	at org.example.stepDefs.Hooks.takeScreenshot(Hooks.java:50)
	at org.example.stepDefs.Hooks.tearDown(Hooks.java:38)
	at java.base/jdk.internal.reflect.DirectMethodHandleAccessor.invoke(DirectMethodHandleAccessor.java:103)
	at java.base/java.lang.reflect.Method.invoke(Method.java:580)
	at io.cucumber.java.Invoker.doInvoke(Invoker.java:66)
	at io.cucumber.java.Invoker.invoke(Invoker.java:24)
	at io.cucumber.java.AbstractGlueDefinition.invokeMethod(AbstractGlueDefinition.java:47)
	at io.cucumber.java.JavaHookDefinition.execute(JavaHookDefinition.java:64)
	at io.cucumber.core.runner.CoreHookDefinition.execute(CoreHookDefinition.java:46)
	at io.cucumber.core.runner.HookDefinitionMatch.runStep(HookDefinitionMatch.java:21)
	at io.cucumber.core.runner.ExecutionMode$1.execute(ExecutionMode.java:10)
	at io.cucumber.core.runner.TestStep.executeStep(TestStep.java:84)
	at io.cucumber.core.runner.TestStep.run(TestStep.java:56)
	at io.cucumber.core.runner.TestCase.run(TestCase.java:90)
	at io.cucumber.core.runner.Runner.runPickle(Runner.java:75)
	at io.cucumber.testng.TestNGCucumberRunner.lambda$runScenario$1(TestNGCucumberRunner.java:132)
	at io.cucumber.core.runtime.CucumberExecutionContext.lambda$runTestCase$5(CucumberExecutionContext.java:137)
	at io.cucumber.core.runtime.RethrowingThrowableCollector.executeAndThrow(RethrowingThrowableCollector.java:23)
	at io.cucumber.core.runtime.CucumberExecutionContext.runTestCase(CucumberExecutionContext.java:137)
	at io.cucumber.testng.TestNGCucumberRunner.runScenario(TestNGCucumberRunner.java:129)
	at io.cucumber.testng.AbstractTestNGCucumberTests.runScenario(AbstractTestNGCucumberTests.java:35)
	at java.base/jdk.internal.reflect.DirectMethodHandleAccessor.invoke(DirectMethodHandleAccessor.java:103)
	at java.base/java.lang.reflect.Method.invoke(Method.java:580)
	at org.testng.internal.invokers.MethodInvocationHelper.invokeMethod(MethodInvocationHelper.java:139)
	at org.testng.internal.invokers.TestInvoker.invokeMethod(TestInvoker.java:664)
	at org.testng.internal.invokers.TestInvoker.invokeTestMethod(TestInvoker.java:227)
	at org.testng.internal.invokers.TestMethodWithDataProviderMethodWorker.call(TestMethodWithDataProviderMethodWorker.java:80)
	at org.testng.internal.invokers.TestMethodWithDataProviderMethodWorker.call(TestMethodWithDataProviderMethodWorker.java:17)
	at java.base/java.util.concurrent.FutureTask.run(FutureTask.java:317)
	at java.base/java.util.concurrent.Executors$RunnableAdapter.call(Executors.java:572)
	at java.base/java.util.concurrent.FutureTask.run(FutureTask.java:317)
	at java.base/java.util.concurrent.ThreadPoolExecutor.runWorker(ThreadPoolExecutor.java:1144)
	at java.base/java.util.concurrent.ThreadPoolExecutor$Worker.run(ThreadPoolExecutor.java:642)
	at java.base/java.lang.Thread.run(Thread.java:1583)
]]></system-out>
    <system-err><![CDATA[SLF4J: Failed toString() invocation on an object of type [jdk.proxy2.$Proxy28]
Reported exception:
org.openqa.selenium.NoSuchWindowException: no such window: target window already closed
from unknown error: web view not found
  (Session info: chrome=137.0.7151.122)
Build info: version: '4.16.1', revision: '9b4c83354e'
System info: os.name: 'Windows 11', os.arch: 'amd64', os.version: '10.0', java.version: '21.0.5'
Driver info: org.openqa.selenium.chrome.ChromeDriver
Command: [f98a8e1fbe4854d4e237c1aba8181535, findElement {using=css selector, value=a[class="ico-register"]}]
Capabilities {acceptInsecureCerts: false, browserName: chrome, browserVersion: 137.0.7151.122, chrome: {chromedriverVersion: 137.0.7151.119 (e0ac9d12dff..., userDataDir: C:\Users\omar_\AppData\Loca...}, fedcm:accounts: true, goog:chromeOptions: {debuggerAddress: localhost:53448}, networkConnectionEnabled: false, pageLoadStrategy: normal, platformName: windows, proxy: Proxy(), se:cdp: ws://localhost:53448/devtoo..., se:cdpVersion: 137.0.7151.122, setWindowRect: true, strictFileInteractability: false, timeouts: {implicit: 0, pageLoad: 300000, script: 30000}, unhandledPromptBehavior: dismiss and notify, webauthn:extension:credBlob: true, webauthn:extension:largeBlob: true, webauthn:extension:minPinLength: true, webauthn:extension:prf: true, webauthn:virtualAuthenticators: true}
Session ID: f98a8e1fbe4854d4e237c1aba8181535
	at java.base/jdk.internal.reflect.DirectConstructorHandleAccessor.newInstance(DirectConstructorHandleAccessor.java:62)
	at java.base/java.lang.reflect.Constructor.newInstanceWithCaller(Constructor.java:502)
	at java.base/java.lang.reflect.Constructor.newInstance(Constructor.java:486)
	at org.openqa.selenium.remote.codec.w3c.W3CHttpResponseCodec.createException(W3CHttpResponseCodec.java:200)
	at org.openqa.selenium.remote.codec.w3c.W3CHttpResponseCodec.decode(W3CHttpResponseCodec.java:133)
	at org.openqa.selenium.remote.codec.w3c.W3CHttpResponseCodec.decode(W3CHttpResponseCodec.java:52)
	at org.openqa.selenium.remote.HttpCommandExecutor.execute(HttpCommandExecutor.java:191)
	at org.openqa.selenium.remote.service.DriverCommandExecutor.invokeExecute(DriverCommandExecutor.java:200)
	at org.openqa.selenium.remote.service.DriverCommandExecutor.execute(DriverCommandExecutor.java:175)
	at org.openqa.selenium.remote.RemoteWebDriver.execute(RemoteWebDriver.java:523)
	at org.openqa.selenium.remote.ElementLocation$ElementFinder$2.findElement(ElementLocation.java:165)
	at org.openqa.selenium.remote.ElementLocation.findElement(ElementLocation.java:59)
	at org.openqa.selenium.remote.RemoteWebDriver.findElement(RemoteWebDriver.java:360)
	at org.openqa.selenium.remote.RemoteWebDriver.findElement(RemoteWebDriver.java:354)
	at org.openqa.selenium.support.pagefactory.DefaultElementLocator.findElement(DefaultElementLocator.java:68)
	at org.openqa.selenium.support.pagefactory.internal.LocatingElementHandler.invoke(LocatingElementHandler.java:38)
	at jdk.proxy2/jdk.proxy2.$Proxy28.toString(Unknown Source)
	at org.slf4j.helpers.MessageFormatter.safeObjectAppend(MessageFormatter.java:291)
	at org.slf4j.helpers.MessageFormatter.deeplyAppendParameter(MessageFormatter.java:263)
	at org.slf4j.helpers.MessageFormatter.arrayFormat(MessageFormatter.java:225)
	at org.slf4j.helpers.MessageFormatter.arrayFormat(MessageFormatter.java:160)
	at ch.qos.logback.classic.spi.LoggingEvent.getFormattedMessage(LoggingEvent.java:396)
	at ch.qos.logback.classic.spi.LoggingEvent.prepareForDeferredProcessing(LoggingEvent.java:252)
	at ch.qos.logback.core.OutputStreamAppender.subAppend(OutputStreamAppender.java:235)
	at ch.qos.logback.core.OutputStreamAppender.append(OutputStreamAppender.java:102)
	at ch.qos.logback.core.UnsynchronizedAppenderBase.doAppend(UnsynchronizedAppenderBase.java:85)
	at ch.qos.logback.core.spi.AppenderAttachableImpl.appendLoopOnAppenders(AppenderAttachableImpl.java:51)
	at ch.qos.logback.classic.Logger.appendLoopOnAppenders(Logger.java:272)
	at ch.qos.logback.classic.Logger.callAppenders(Logger.java:259)
	at ch.qos.logback.classic.Logger.buildLoggingEventAndAppend(Logger.java:426)
	at ch.qos.logback.classic.Logger.filterAndLog_2(Logger.java:419)
	at ch.qos.logback.classic.Logger.error(Logger.java:535)
	at org.example.core.BasePage.clickElement(BasePage.java:54)
	at org.example.pages.P01_register.clickRegisterLink(P01_register.java:75)
	at org.example.stepDefs.D01_registerStepDef.go_to_registerPage(D01_registerStepDef.java:33)
	at java.base/jdk.internal.reflect.DirectMethodHandleAccessor.invoke(DirectMethodHandleAccessor.java:103)
	at java.base/java.lang.reflect.Method.invoke(Method.java:580)
	at io.cucumber.java.Invoker.doInvoke(Invoker.java:66)
	at io.cucumber.java.Invoker.invoke(Invoker.java:24)
	at io.cucumber.java.AbstractGlueDefinition.invokeMethod(AbstractGlueDefinition.java:47)
	at io.cucumber.java.JavaStepDefinition.execute(JavaStepDefinition.java:29)
	at io.cucumber.core.runner.CoreStepDefinition.execute(CoreStepDefinition.java:66)
	at io.cucumber.core.runner.PickleStepDefinitionMatch.runStep(PickleStepDefinitionMatch.java:63)
	at io.cucumber.core.runner.ExecutionMode$1.execute(ExecutionMode.java:10)
	at io.cucumber.core.runner.TestStep.executeStep(TestStep.java:84)
	at io.cucumber.core.runner.TestStep.run(TestStep.java:56)
	at io.cucumber.core.runner.PickleStepTestStep.run(PickleStepTestStep.java:51)
	at io.cucumber.core.runner.TestCase.run(TestCase.java:84)
	at io.cucumber.core.runner.Runner.runPickle(Runner.java:75)
	at io.cucumber.testng.TestNGCucumberRunner.lambda$runScenario$1(TestNGCucumberRunner.java:132)
	at io.cucumber.core.runtime.CucumberExecutionContext.lambda$runTestCase$5(CucumberExecutionContext.java:137)
	at io.cucumber.core.runtime.RethrowingThrowableCollector.executeAndThrow(RethrowingThrowableCollector.java:23)
	at io.cucumber.core.runtime.CucumberExecutionContext.runTestCase(CucumberExecutionContext.java:137)
	at io.cucumber.testng.TestNGCucumberRunner.runScenario(TestNGCucumberRunner.java:129)
	at io.cucumber.testng.AbstractTestNGCucumberTests.runScenario(AbstractTestNGCucumberTests.java:35)
	at java.base/jdk.internal.reflect.DirectMethodHandleAccessor.invoke(DirectMethodHandleAccessor.java:103)
	at java.base/java.lang.reflect.Method.invoke(Method.java:580)
	at org.testng.internal.invokers.MethodInvocationHelper.invokeMethod(MethodInvocationHelper.java:139)
	at org.testng.internal.invokers.TestInvoker.invokeMethod(TestInvoker.java:664)
	at org.testng.internal.invokers.TestInvoker.invokeTestMethod(TestInvoker.java:227)
	at org.testng.internal.invokers.TestMethodWithDataProviderMethodWorker.call(TestMethodWithDataProviderMethodWorker.java:80)
	at org.testng.internal.invokers.TestMethodWithDataProviderMethodWorker.call(TestMethodWithDataProviderMethodWorker.java:17)
	at java.base/java.util.concurrent.FutureTask.run(FutureTask.java:317)
	at java.base/java.util.concurrent.Executors$RunnableAdapter.call(Executors.java:572)
	at java.base/java.util.concurrent.FutureTask.run(FutureTask.java:317)
	at java.base/java.util.concurrent.ThreadPoolExecutor.runWorker(ThreadPoolExecutor.java:1144)
	at java.base/java.util.concurrent.ThreadPoolExecutor$Worker.run(ThreadPoolExecutor.java:642)
	at java.base/java.lang.Thread.run(Thread.java:1583)
Jul 08, 2025 7:20:09 AM org.openqa.selenium.devtools.CdpVersionFinder findNearestMatch
WARNING: Unable to find CDP implementation matching 137
Jul 08, 2025 7:20:09 AM org.openqa.selenium.chromium.ChromiumDriver lambda$new$5
WARNING: Unable to find version of CDP to use for 137.0.7151.122. You may need to include a dependency on a specific version of the CDP using something similar to `org.seleniumhq.selenium:selenium-devtools-v86:4.16.1` where the version ("v86") matches the version of the chromium-based browser you're using and the version number of the artifact is the same as Selenium's.
]]></system-err>
  </testcase>
  <testcase name="runScenario[&quot;guest user could register with valid data successfully&quot;, &quot;F01_Register | users could register with new accounts&quot;](3)" classname="org.example.testRunner.runners" time="0.586">
    <failure message="no such window: target window already closed&#10;from unknown error: web view not found&#10;  (Session info: chrome=137.0.7151.122)&#10;Build info: version: &apos;4.16.1&apos;, revision: &apos;9b4c83354e&apos;&#10;System info: os.name: &apos;Windows 11&apos;, os.arch: &apos;amd64&apos;, os.version: &apos;10.0&apos;, java.version: &apos;21.0.5&apos;&#10;Driver info: org.openqa.selenium.chrome.ChromeDriver&#10;Command: [f98a8e1fbe4854d4e237c1aba8181535, findElement {using=css selector, value=a[class=&quot;ico-register&quot;]}]&#10;Capabilities {acceptInsecureCerts: false, browserName: chrome, browserVersion: 137.0.7151.122, chrome: {chromedriverVersion: 137.0.7151.119 (e0ac9d12dff..., userDataDir: C:\Users\omar_\AppData\Loca...}, fedcm:accounts: true, goog:chromeOptions: {debuggerAddress: localhost:53448}, networkConnectionEnabled: false, pageLoadStrategy: normal, platformName: windows, proxy: Proxy(), se:cdp: ws://localhost:53448/devtoo..., se:cdpVersion: 137.0.7151.122, setWindowRect: true, strictFileInteractability: false, timeouts: {implicit: 0, pageLoad: 300000, script: 30000}, unhandledPromptBehavior: dismiss and notify, webauthn:extension:credBlob: true, webauthn:extension:largeBlob: true, webauthn:extension:minPinLength: true, webauthn:extension:prf: true, webauthn:virtualAuthenticators: true}&#10;Session ID: f98a8e1fbe4854d4e237c1aba8181535" type="org.openqa.selenium.NoSuchWindowException"><![CDATA[org.openqa.selenium.NoSuchWindowException: 
no such window: target window already closed
from unknown error: web view not found
  (Session info: chrome=137.0.7151.122)
Build info: version: '4.16.1', revision: '9b4c83354e'
System info: os.name: 'Windows 11', os.arch: 'amd64', os.version: '10.0', java.version: '21.0.5'
Driver info: org.openqa.selenium.chrome.ChromeDriver
Command: [f98a8e1fbe4854d4e237c1aba8181535, findElement {using=css selector, value=a[class="ico-register"]}]
Capabilities {acceptInsecureCerts: false, browserName: chrome, browserVersion: 137.0.7151.122, chrome: {chromedriverVersion: 137.0.7151.119 (e0ac9d12dff..., userDataDir: C:\Users\omar_\AppData\Loca...}, fedcm:accounts: true, goog:chromeOptions: {debuggerAddress: localhost:53448}, networkConnectionEnabled: false, pageLoadStrategy: normal, platformName: windows, proxy: Proxy(), se:cdp: ws://localhost:53448/devtoo..., se:cdpVersion: 137.0.7151.122, setWindowRect: true, strictFileInteractability: false, timeouts: {implicit: 0, pageLoad: 300000, script: 30000}, unhandledPromptBehavior: dismiss and notify, webauthn:extension:credBlob: true, webauthn:extension:largeBlob: true, webauthn:extension:minPinLength: true, webauthn:extension:prf: true, webauthn:virtualAuthenticators: true}
Session ID: f98a8e1fbe4854d4e237c1aba8181535
	at java.base/jdk.internal.reflect.DirectConstructorHandleAccessor.newInstance(DirectConstructorHandleAccessor.java:62)
	at java.base/java.lang.reflect.Constructor.newInstanceWithCaller(Constructor.java:502)
	at java.base/java.lang.reflect.Constructor.newInstance(Constructor.java:486)
	at org.openqa.selenium.remote.codec.w3c.W3CHttpResponseCodec.createException(W3CHttpResponseCodec.java:200)
	at org.openqa.selenium.remote.codec.w3c.W3CHttpResponseCodec.decode(W3CHttpResponseCodec.java:133)
	at org.openqa.selenium.remote.codec.w3c.W3CHttpResponseCodec.decode(W3CHttpResponseCodec.java:52)
	at org.openqa.selenium.remote.HttpCommandExecutor.execute(HttpCommandExecutor.java:191)
	at org.openqa.selenium.remote.service.DriverCommandExecutor.invokeExecute(DriverCommandExecutor.java:200)
	at org.openqa.selenium.remote.service.DriverCommandExecutor.execute(DriverCommandExecutor.java:175)
	at org.openqa.selenium.remote.RemoteWebDriver.execute(RemoteWebDriver.java:523)
	at org.openqa.selenium.remote.ElementLocation$ElementFinder$2.findElement(ElementLocation.java:165)
	at org.openqa.selenium.remote.ElementLocation.findElement(ElementLocation.java:59)
	at org.openqa.selenium.remote.RemoteWebDriver.findElement(RemoteWebDriver.java:360)
	at org.openqa.selenium.remote.RemoteWebDriver.findElement(RemoteWebDriver.java:354)
	at org.openqa.selenium.support.pagefactory.DefaultElementLocator.findElement(DefaultElementLocator.java:68)
	at org.openqa.selenium.support.pagefactory.internal.LocatingElementHandler.invoke(LocatingElementHandler.java:38)
	at jdk.proxy2/jdk.proxy2.$Proxy28.toString(Unknown Source)
	at java.base/java.lang.StringConcatHelper.stringOf(StringConcatHelper.java:467)
	at java.base/java.lang.StringConcatHelper.simpleConcat(StringConcatHelper.java:422)
	at org.openqa.selenium.support.ui.ExpectedConditions$23.toString(ExpectedConditions.java:669)
	at java.base/java.lang.StringConcatHelper.stringOf(StringConcatHelper.java:467)
	at java.base/java.lang.StringConcatHelper.simpleConcat(StringConcatHelper.java:422)
	at org.openqa.selenium.support.ui.FluentWait.until(FluentWait.java:226)
	at org.example.core.BasePage.waitForElementToBeClickable(BasePage.java:36)
	at org.example.core.BasePage.clickElement(BasePage.java:50)
	at org.example.pages.P01_register.clickRegisterLink(P01_register.java:75)
	at org.example.stepDefs.D01_registerStepDef.go_to_registerPage(D01_registerStepDef.java:33)
	at ✽.user go to register page(file:///D:/Work/Testing/FWDEcommerceAutomationApp/src/main/resources/features/F01_Register.feature:4)
]]></failure>
    <system-out><![CDATA[
@smoke
Scenario: first slider is clickable on home page # src/main/resources/features/F06_homeSliders.feature:3
07:20:10.700 [TestNG-PoolService-6] INFO  org.example.stepDefs.Hooks - Starting scenario: first slider is clickable on home page
07:20:10.981 [TestNG-PoolService-3] INFO  org.example.pages.P03_homePage - Found 0 product prices
07:20:10.981 [TestNG-PoolService-3] INFO  o.e.stepDefs.D03_currenciesStepDef - Expected prices: [€1032.00, €1548.00, €210.70, €21.50]
07:20:10.982 [TestNG-PoolService-3] INFO  o.e.stepDefs.D03_currenciesStepDef - Actual prices: []
07:20:10.982 [TestNG-PoolService-3] INFO  o.e.stepDefs.D03_currenciesStepDef - Euro symbol verification completed successfully
  Then euro symbol is displayed on all products # org.example.stepDefs.D03_currenciesStepDef.euroSymbolIsDisplayedOnAllProducts()
07:20:10.983 [TestNG-PoolService-3] INFO  org.example.stepDefs.Hooks - Scenario passed: user could select euro currency
]]></system-out>
  </testcase>
  <testcase name="runScenario[&quot;user could search using product name&quot;, &quot;F04_Search | users will be able to search for products with different parameters&quot;](4)" classname="org.example.testRunner.runners" time="4.816">
    <failure message="Cannot invoke &quot;org.openqa.selenium.WebDriver.getCurrentUrl()&quot; because &quot;this.driver&quot; is null" type="java.lang.NullPointerException"><![CDATA[java.lang.NullPointerException: Cannot invoke "org.openqa.selenium.WebDriver.getCurrentUrl()" because "this.driver" is null
	at org.example.stepDefs.D04_searchStepDef.userCouldFindRelativeResults(D04_searchStepDef.java:50)
	at ✽.user could find "book" relative results(file:///D:/Work/Testing/FWDEcommerceAutomationApp/src/main/resources/features/F04_Search.feature:7)
]]></failure>
    <system-out><![CDATA[
@smoke
Scenario: second slider is clickable on home page # src/main/resources/features/F06_homeSliders.feature:7
07:20:11.100 [TestNG-PoolService-0] INFO  org.example.stepDefs.Hooks - Starting scenario: second slider is clickable on home page
07:20:12.997 [TestNG-PoolService-5] INFO  o.e.s.D05_hoverCategoriesStepDef - Starting category hover and subcategory selection
07:20:12.999 [TestNG-PoolService-5] INFO  org.example.pages.P03_homePage - Getting category names
07:20:13.119 [TestNG-PoolService-5] INFO  org.example.pages.P03_homePage - Got text 'Computers' from element: [[ChromeDriver: chrome on windows (31524996c9c66098b794205ad22e5570)] -> css selector: ul[class="top-menu notmobile"]  > li > a[href]]
07:20:13.216 [TestNG-PoolService-5] INFO  org.example.pages.P03_homePage - Got text 'Electronics' from element: [[ChromeDriver: chrome on windows (31524996c9c66098b794205ad22e5570)] -> css selector: ul[class="top-menu notmobile"]  > li > a[href]]
07:20:13.265 [TestNG-PoolService-5] INFO  org.example.pages.P03_homePage - Got text 'Apparel' from element: [[ChromeDriver: chrome on windows (31524996c9c66098b794205ad22e5570)] -> css selector: ul[class="top-menu notmobile"]  > li > a[href]]
07:20:13.311 [TestNG-PoolService-5] INFO  org.example.pages.P03_homePage - Got text 'Digital downloads' from element: [[ChromeDriver: chrome on windows (31524996c9c66098b794205ad22e5570)] -> css selector: ul[class="top-menu notmobile"]  > li > a[href]]
07:20:13.359 [TestNG-PoolService-5] INFO  org.example.pages.P03_homePage - Got text 'Books' from element: [[ChromeDriver: chrome on windows (31524996c9c66098b794205ad22e5570)] -> css selector: ul[class="top-menu notmobile"]  > li > a[href]]
07:20:13.600 [TestNG-PoolService-5] INFO  org.example.pages.P03_homePage - Got text 'Jewelry' from element: [[ChromeDriver: chrome on windows (31524996c9c66098b794205ad22e5570)] -> css selector: ul[class="top-menu notmobile"]  > li > a[href]]
07:20:14.815 [TestNG-PoolService-5] INFO  org.example.pages.P03_homePage - Got text 'Gift Cards' from element: [[ChromeDriver: chrome on windows (31524996c9c66098b794205ad22e5570)] -> css selector: ul[class="top-menu notmobile"]  > li > a[href]]
07:20:14.816 [TestNG-PoolService-5] INFO  org.example.pages.P03_homePage - Found 7 categories
07:20:14.816 [TestNG-PoolService-5] INFO  o.e.s.D05_hoverCategoriesStepDef - Available categories: [Computers, Electronics, Apparel, Digital downloads, Books, Jewelry, Gift Cards]
07:20:14.816 [TestNG-PoolService-5] INFO  o.e.s.D05_hoverCategoriesStepDef - Selected category: Computers (index: 0)
07:20:14.816 [TestNG-PoolService-5] INFO  org.example.pages.P03_homePage - Hovering over category: Computers
07:20:15.280 [TestNG-PoolService-5] INFO  org.example.pages.P03_homePage - Got text 'Computers' from element: [[ChromeDriver: chrome on windows (31524996c9c66098b794205ad22e5570)] -> css selector: ul[class="top-menu notmobile"]  > li > a[href]]
07:20:15.716 [TestNG-PoolService-5] INFO  org.example.pages.P03_homePage - Hovered over category successfully
07:20:15.716 [TestNG-PoolService-5] INFO  o.e.s.D05_hoverCategoriesStepDef - Hovered over category: Computers
  When user hover category and select subcategory then check if the name equals to page title # org.example.stepDefs.D05_hoverCategoriesStepDef.userHoverCategoryAndSelectSubcategoryThenCheckIfTheNameEqualsToPageTitle()
07:20:15.717 [TestNG-PoolService-5] INFO  o.e.s.D05_hoverCategoriesStepDef - Navigating to subcategory page
07:20:15.718 [TestNG-PoolService-5] INFO  org.example.pages.P03_homePage - Getting subcategories for category number: 1
]]></system-out>
  </testcase>
  <testcase name="runScenario[&quot;user could select euro currency&quot;, &quot;F03_currency | testing currency&quot;](5)" classname="org.example.testRunner.runners" time="17.403">
    <system-out><![CDATA[
@smoke
Scenario: Check facebook icon        # src/main/resources/features/F07_followUs.feature:5
07:20:16.015 [TestNG-PoolService-4] INFO  org.example.stepDefs.Hooks - Starting scenario: Check facebook icon
07:20:16.261 [TestNG-PoolService-5] INFO  org.example.pages.P03_homePage - Found 3 subcategories
07:20:16.262 [TestNG-PoolService-5] INFO  o.e.s.D05_hoverCategoriesStepDef - Found 3 subcategories for category Computers
07:20:16.514 [TestNG-PoolService-5] INFO  org.example.pages.P03_homePage - Got text 'Notebooks' from element: [[ChromeDriver: chrome on windows (31524996c9c66098b794205ad22e5570)] -> xpath: //ul[@class="top-menu notmobile"]/li[1]/ul[@class="sublist first-level"]/li]
07:20:16.515 [TestNG-PoolService-5] INFO  o.e.s.D05_hoverCategoriesStepDef - Selected subcategory: Notebooks (index: 1)
07:20:05.732 [TestNG-PoolService-9] INFO  org.example.pages.P03_homePage - Clicked element: Proxy element for: DefaultElementLocator 'By.cssSelector: h2[class="product-title"] > a'
  Given user go to login page                              # org.example.stepDefs.D02_loginStepDef.user_open_browser()
      org.openqa.selenium.TimeoutException: Expected condition failed: waiting for visibility of Proxy element for: DefaultElementLocator 'By.cssSelector: .login-form' (tried for 20 second(s) with 500 milliseconds interval)
	at org.openqa.selenium.support.ui.WebDriverWait.timeoutException(WebDriverWait.java:84)
	at org.openqa.selenium.support.ui.FluentWait.until(FluentWait.java:229)
	at org.example.core.BasePage.waitForElementToBeVisible(BasePage.java:32)
	at org.example.core.BasePage.waitForElementVisible(BasePage.java:181)
	at org.example.pages.P02_login.navigateToLoginPage(P02_login.java:49)
	at org.example.stepDefs.D02_loginStepDef.user_open_browser(D02_loginStepDef.java:28)
	at ✽.user go to login page(file:///D:/Work/Testing/FWDEcommerceAutomationApp/src/main/resources/features/F02_Login.feature:14)
Caused by: org.openqa.selenium.NoSuchElementException: no such element: Unable to locate element: {"method":"css selector","selector":".login-form"}
  (Session info: chrome=137.0.7151.122)
For documentation on this error, please visit: https://www.selenium.dev/documentation/webdriver/troubleshooting/errors#no-such-element-exception
Build info: version: '4.16.1', revision: '9b4c83354e'
System info: os.name: 'Windows 11', os.arch: 'amd64', os.version: '10.0', java.version: '21.0.5'
Driver info: org.openqa.selenium.chrome.ChromeDriver
Command: [0ac4615132fdb9ace3efd659789c7708, findElement {using=css selector, value=.login-form}]
Capabilities {acceptInsecureCerts: false, browserName: chrome, browserVersion: 137.0.7151.122, chrome: {chromedriverVersion: 137.0.7151.119 (e0ac9d12dff..., userDataDir: C:\Users\omar_\AppData\Loca...}, fedcm:accounts: true, goog:chromeOptions: {debuggerAddress: localhost:53364}, networkConnectionEnabled: false, pageLoadStrategy: normal, platformName: windows, proxy: Proxy(), se:cdp: ws://localhost:53364/devtoo..., se:cdpVersion: 137.0.7151.122, setWindowRect: true, strictFileInteractability: false, timeouts: {implicit: 0, pageLoad: 300000, script: 30000}, unhandledPromptBehavior: dismiss and notify, webauthn:extension:credBlob: true, webauthn:extension:largeBlob: true, webauthn:extension:minPinLength: true, webauthn:extension:prf: true, webauthn:virtualAuthenticators: true}
Session ID: 0ac4615132fdb9ace3efd659789c7708
	at java.base/jdk.internal.reflect.DirectConstructorHandleAccessor.newInstance(DirectConstructorHandleAccessor.java:62)
	at java.base/java.lang.reflect.Constructor.newInstanceWithCaller(Constructor.java:502)
	at java.base/java.lang.reflect.Constructor.newInstance(Constructor.java:486)
	at org.openqa.selenium.remote.codec.w3c.W3CHttpResponseCodec.createException(W3CHttpResponseCodec.java:200)
	at org.openqa.selenium.remote.codec.w3c.W3CHttpResponseCodec.decode(W3CHttpResponseCodec.java:133)
	at org.openqa.selenium.remote.codec.w3c.W3CHttpResponseCodec.decode(W3CHttpResponseCodec.java:52)
	at org.openqa.selenium.remote.HttpCommandExecutor.execute(HttpCommandExecutor.java:191)
	at org.openqa.selenium.remote.service.DriverCommandExecutor.invokeExecute(DriverCommandExecutor.java:200)
	at org.openqa.selenium.remote.service.DriverCommandExecutor.execute(DriverCommandExecutor.java:175)
	at org.openqa.selenium.remote.RemoteWebDriver.execute(RemoteWebDriver.java:523)
	at org.openqa.selenium.remote.ElementLocation$ElementFinder$2.findElement(ElementLocation.java:165)
	at org.openqa.selenium.remote.ElementLocation.findElement(ElementLocation.java:59)
[...]
	at io.cucumber.core.runner.PickleStepTestStep.run(PickleStepTestStep.java:51)
	at io.cucumber.core.runner.TestCase.run(TestCase.java:84)
	at io.cucumber.core.runner.Runner.runPickle(Runner.java:75)
	at io.cucumber.testng.TestNGCucumberRunner.lambda$runScenario$1(TestNGCucumberRunner.java:132)
	at io.cucumber.core.runtime.CucumberExecutionContext.lambda$runTestCase$5(CucumberExecutionContext.java:137)
	at io.cucumber.core.runtime.RethrowingThrowableCollector.executeAndThrow(RethrowingThrowableCollector.java:23)
	at io.cucumber.core.runtime.CucumberExecutionContext.runTestCase(CucumberExecutionContext.java:137)
	at io.cucumber.testng.TestNGCucumberRunner.runScenario(TestNGCucumberRunner.java:129)
	at io.cucumber.testng.AbstractTestNGCucumberTests.runScenario(AbstractTestNGCucumberTests.java:35)
	at java.base/jdk.internal.reflect.DirectMethodHandleAccessor.invoke(DirectMethodHandleAccessor.java:103)
	at java.base/java.lang.reflect.Method.invoke(Method.java:580)
	at org.testng.internal.invokers.MethodInvocationHelper.invokeMethod(MethodInvocationHelper.java:139)
	at org.testng.internal.invokers.TestInvoker.invokeMethod(TestInvoker.java:664)
	at org.testng.internal.invokers.TestInvoker.invokeTestMethod(TestInvoker.java:227)
	at org.testng.internal.invokers.TestMethodWithDataProviderMethodWorker.call(TestMethodWithDataProviderMethodWorker.java:80)
	at org.testng.internal.invokers.TestMethodWithDataProviderMethodWorker.call(TestMethodWithDataProviderMethodWorker.java:17)
	at java.base/java.util.concurrent.FutureTask.run(FutureTask.java:317)
	at java.base/java.util.concurrent.Executors$RunnableAdapter.call(Executors.java:572)
	at java.base/java.util.concurrent.FutureTask.run(FutureTask.java:317)
	at java.base/java.util.concurrent.ThreadPoolExecutor.runWorker(ThreadPoolExecutor.java:1144)
	at java.base/java.util.concurrent.ThreadPoolExecutor$Worker.run(ThreadPoolExecutor.java:642)
	at java.base/java.lang.Thread.run(Thread.java:1583)
Caused by: java.io.IOException: HTTP/1.1 header parser received no bytes
	at java.net.http/jdk.internal.net.http.common.Utils.wrapWithExtraDetail(Utils.java:388)
	at java.net.http/jdk.internal.net.http.Http1Response$HeadersReader.onReadError(Http1Response.java:590)
	at java.net.http/jdk.internal.net.http.Http1AsyncReceiver.checkForErrors(Http1AsyncReceiver.java:302)
	at java.net.http/jdk.internal.net.http.Http1AsyncReceiver.flush(Http1AsyncReceiver.java:268)
	at java.net.http/jdk.internal.net.http.common.SequentialScheduler$LockingRestartableTask.run(SequentialScheduler.java:182)
	at java.net.http/jdk.internal.net.http.common.SequentialScheduler$CompleteRestartableTask.run(SequentialScheduler.java:149)
	at java.net.http/jdk.internal.net.http.common.SequentialScheduler$SchedulableTask.run(SequentialScheduler.java:207)
	... 3 more
Caused by: java.net.SocketException: Connection reset
	at java.base/sun.nio.ch.SocketChannelImpl.throwConnectionReset(SocketChannelImpl.java:401)
	at java.base/sun.nio.ch.SocketChannelImpl.read(SocketChannelImpl.java:434)
	at java.net.http/jdk.internal.net.http.SocketTube.readAvailable(SocketTube.java:1178)
	at java.net.http/jdk.internal.net.http.SocketTube$InternalReadPublisher$InternalReadSubscription.read(SocketTube.java:841)
	at java.net.http/jdk.internal.net.http.SocketTube$SocketFlowTask.run(SocketTube.java:181)
	at java.net.http/jdk.internal.net.http.common.SequentialScheduler$SchedulableTask.run(SequentialScheduler.java:207)
	at java.net.http/jdk.internal.net.http.common.SequentialScheduler.runOrSchedule(SequentialScheduler.java:280)
	at java.net.http/jdk.internal.net.http.common.SequentialScheduler.runOrSchedule(SequentialScheduler.java:233)
	at java.net.http/jdk.internal.net.http.SocketTube$InternalReadPublisher$InternalReadSubscription.signalReadable(SocketTube.java:782)
	at java.net.http/jdk.internal.net.http.SocketTube$InternalReadPublisher$ReadEvent.signalEvent(SocketTube.java:965)
	at java.net.http/jdk.internal.net.http.SocketTube$SocketFlowEvent.handle(SocketTube.java:253)
	at java.net.http/jdk.internal.net.http.HttpClientImpl$SelectorManager.handleEvent(HttpClientImpl.java:1469)
	at java.net.http/jdk.internal.net.http.HttpClientImpl$SelectorManager.lambda$run$3(HttpClientImpl.java:1414)
	at java.base/java.util.ArrayList.forEach(ArrayList.java:1596)
	at java.net.http/jdk.internal.net.http.HttpClientImpl$SelectorManager.run(HttpClientImpl.java:1414)

  Then verify the youtube url       # org.example.stepDefs.D07_followUsStepDef.youtubeURL()
07:21:05.064 [TestNG-PoolService-2] ERROR org.example.stepDefs.Hooks - Scenario failed: Check youtube icon
07:21:05.066 [TestNG-PoolService-2] ERROR org.example.stepDefs.Hooks - Failed to take screenshot
org.openqa.selenium.remote.UnreachableBrowserException: Error communicating with the remote browser. It may have died.
Build info: version: '4.16.1', revision: '9b4c83354e'
System info: os.name: 'Windows 11', os.arch: 'amd64', os.version: '10.0', java.version: '21.0.5'
Driver info: org.openqa.selenium.chrome.ChromeDriver
Command: [da47c4925e762f59fcdb2d8e133f11c4, screenshot []]
Capabilities {acceptInsecureCerts: false, browserName: chrome, browserVersion: 137.0.7151.122, chrome: {chromedriverVersion: 137.0.7151.119 (e0ac9d12dff..., userDataDir: C:\Users\omar_\AppData\Loca...}, fedcm:accounts: true, goog:chromeOptions: {debuggerAddress: localhost:53723}, networkConnectionEnabled: false, pageLoadStrategy: normal, platformName: windows, proxy: Proxy(), se:cdp: ws://localhost:53723/devtoo..., se:cdpVersion: 137.0.7151.122, setWindowRect: true, strictFileInteractability: false, timeouts: {implicit: 0, pageLoad: 300000, script: 30000}, unhandledPromptBehavior: dismiss and notify, webauthn:extension:credBlob: true, webauthn:extension:largeBlob: true, webauthn:extension:minPinLength: true, webauthn:extension:prf: true, webauthn:virtualAuthenticators: true}
Session ID: da47c4925e762f59fcdb2d8e133f11c4
	at org.openqa.selenium.remote.RemoteWebDriver.execute(RemoteWebDriver.java:550)
	at org.openqa.selenium.remote.RemoteWebDriver.execute(RemoteWebDriver.java:596)
	at org.openqa.selenium.remote.RemoteWebDriver.execute(RemoteWebDriver.java:600)
	at org.openqa.selenium.remote.RemoteWebDriver.getScreenshotAs(RemoteWebDriver.java:326)
	at org.example.stepDefs.Hooks.takeScreenshot(Hooks.java:50)
	at org.example.stepDefs.Hooks.tearDown(Hooks.java:38)
	at java.base/jdk.internal.reflect.DirectMethodHandleAccessor.invoke(DirectMethodHandleAccessor.java:103)
	at java.base/java.lang.reflect.Method.invoke(Method.java:580)
	at io.cucumber.java.Invoker.doInvoke(Invoker.java:66)
	at io.cucumber.java.Invoker.invoke(Invoker.java:24)
	at io.cucumber.java.AbstractGlueDefinition.invokeMethod(AbstractGlueDefinition.java:47)
	at io.cucumber.java.JavaHookDefinition.execute(JavaHookDefinition.java:64)
	at io.cucumber.core.runner.CoreHookDefinition.execute(CoreHookDefinition.java:46)
	at io.cucumber.core.runner.HookDefinitionMatch.runStep(HookDefinitionMatch.java:21)
	at io.cucumber.core.runner.ExecutionMode$1.execute(ExecutionMode.java:10)
	at io.cucumber.core.runner.TestStep.executeStep(TestStep.java:84)
	at io.cucumber.core.runner.TestStep.run(TestStep.java:56)
	at io.cucumber.core.runner.TestCase.run(TestCase.java:90)
	at io.cucumber.core.runner.Runner.runPickle(Runner.java:75)
	at io.cucumber.testng.TestNGCucumberRunner.lambda$runScenario$1(TestNGCucumberRunner.java:132)
	at io.cucumber.core.runtime.CucumberExecutionContext.lambda$runTestCase$5(CucumberExecutionContext.java:137)
	at io.cucumber.core.runtime.RethrowingThrowableCollector.executeAndThrow(RethrowingThrowableCollector.java:23)
	at io.cucumber.core.runtime.CucumberExecutionContext.runTestCase(CucumberExecutionContext.java:137)
	at io.cucumber.testng.TestNGCucumberRunner.runScenario(TestNGCucumberRunner.java:129)
	at io.cucumber.testng.AbstractTestNGCucumberTests.runScenario(AbstractTestNGCucumberTests.java:35)
	at java.base/jdk.internal.reflect.DirectMethodHandleAccessor.invoke(DirectMethodHandleAccessor.java:103)
	at java.base/java.lang.reflect.Method.invoke(Method.java:580)
	at org.testng.internal.invokers.MethodInvocationHelper.invokeMethod(MethodInvocationHelper.java:139)
	at org.testng.internal.invokers.TestInvoker.invokeMethod(TestInvoker.java:664)
	at org.testng.internal.invokers.TestInvoker.invokeTestMethod(TestInvoker.java:227)
	at org.testng.internal.invokers.TestMethodWithDataProviderMethodWorker.call(TestMethodWithDataProviderMethodWorker.java:80)
	at org.testng.internal.invokers.TestMethodWithDataProviderMethodWorker.call(TestMethodWithDataProviderMethodWorker.java:17)
	at java.base/java.util.concurrent.FutureTask.run(FutureTask.java:317)
	at java.base/java.util.concurrent.Executors$RunnableAdapter.call(Executors.java:572)
	at java.base/java.util.concurrent.FutureTask.run(FutureTask.java:317)
	at java.base/java.util.concurrent.ThreadPoolExecutor.runWorker(ThreadPoolExecutor.java:1144)
	at java.base/java.util.concurrent.ThreadPoolExecutor$Worker.run(ThreadPoolExecutor.java:642)
	at java.base/java.lang.Thread.run(Thread.java:1583)
Caused by: java.io.UncheckedIOException: java.net.ConnectException
	at org.openqa.selenium.remote.http.jdk.JdkHttpClient.execute0(JdkHttpClient.java:442)
	at org.openqa.selenium.remote.http.AddSeleniumUserAgent.lambda$apply$0(AddSeleniumUserAgent.java:42)
	at org.openqa.selenium.remote.http.Filter.lambda$andFinally$1(Filter.java:55)
	at org.openqa.selenium.remote.http.jdk.JdkHttpClient.execute(JdkHttpClient.java:358)
	at org.openqa.selenium.remote.HttpCommandExecutor.execute(HttpCommandExecutor.java:188)
	at org.openqa.selenium.remote.service.DriverCommandExecutor.invokeExecute(DriverCommandExecutor.java:200)
	at org.openqa.selenium.remote.service.DriverCommandExecutor.execute(DriverCommandExecutor.java:175)
	at org.openqa.selenium.remote.RemoteWebDriver.execute(RemoteWebDriver.java:523)
	... 37 common frames omitted
Caused by: java.net.ConnectException: null
	at java.net.http/jdk.internal.net.http.common.Utils.toConnectException(Utils.java:1041)
	at java.net.http/jdk.internal.net.http.PlainHttpConnection.connectAsync(PlainHttpConnection.java:227)
	at java.net.http/jdk.internal.net.http.PlainHttpConnection.checkRetryConnect(PlainHttpConnection.java:280)
	at java.net.http/jdk.internal.net.http.PlainHttpConnection.lambda$connectAsync$2(PlainHttpConnection.java:238)
	at java.base/java.util.concurrent.CompletableFuture.uniHandle(CompletableFuture.java:934)
	at java.base/java.util.concurrent.CompletableFuture$UniHandle.tryFire(CompletableFuture.java:911)
	at java.base/java.util.concurrent.CompletableFuture.postComplete(CompletableFuture.java:510)
	at java.base/java.util.concurrent.CompletableFuture$AsyncSupply.run(CompletableFuture.java:1773)
	... 3 common frames omitted
Caused by: java.nio.channels.ClosedChannelException: null
	at java.base/sun.nio.ch.SocketChannelImpl.ensureOpen(SocketChannelImpl.java:202)
	at java.base/sun.nio.ch.SocketChannelImpl.beginConnect(SocketChannelImpl.java:786)
	at java.base/sun.nio.ch.SocketChannelImpl.connect(SocketChannelImpl.java:874)
	at java.net.http/jdk.internal.net.http.PlainHttpConnection.lambda$connectAsync$1(PlainHttpConnection.java:210)
	at java.base/java.security.AccessController.doPrivileged(AccessController.java:571)
	at java.net.http/jdk.internal.net.http.PlainHttpConnection.connectAsync(PlainHttpConnection.java:212)
	... 9 common frames omitted
]]></system-out>
    <system-err><![CDATA[SLF4J: Failed toString() invocation on an object of type [jdk.proxy2.$Proxy28]
Reported exception:
org.openqa.selenium.remote.UnreachableBrowserException: Error communicating with the remote browser. It may have died.
Build info: version: '4.16.1', revision: '9b4c83354e'
System info: os.name: 'Windows 11', os.arch: 'amd64', os.version: '10.0', java.version: '21.0.5'
Driver info: org.openqa.selenium.chrome.ChromeDriver
Command: [da47c4925e762f59fcdb2d8e133f11c4, findElement [using, value]]
Capabilities {acceptInsecureCerts: false, browserName: chrome, browserVersion: 137.0.7151.122, chrome: {chromedriverVersion: 137.0.7151.119 (e0ac9d12dff..., userDataDir: C:\Users\omar_\AppData\Loca...}, fedcm:accounts: true, goog:chromeOptions: {debuggerAddress: localhost:53723}, networkConnectionEnabled: false, pageLoadStrategy: normal, platformName: windows, proxy: Proxy(), se:cdp: ws://localhost:53723/devtoo..., se:cdpVersion: 137.0.7151.122, setWindowRect: true, strictFileInteractability: false, timeouts: {implicit: 0, pageLoad: 300000, script: 30000}, unhandledPromptBehavior: dismiss and notify, webauthn:extension:credBlob: true, webauthn:extension:largeBlob: true, webauthn:extension:minPinLength: true, webauthn:extension:prf: true, webauthn:virtualAuthenticators: true}
Session ID: da47c4925e762f59fcdb2d8e133f11c4
	at org.openqa.selenium.remote.RemoteWebDriver.execute(RemoteWebDriver.java:550)
	at org.openqa.selenium.remote.ElementLocation$ElementFinder$2.findElement(ElementLocation.java:165)
	at org.openqa.selenium.remote.ElementLocation.findElement(ElementLocation.java:59)
	at org.openqa.selenium.remote.RemoteWebDriver.findElement(RemoteWebDriver.java:360)
	at org.openqa.selenium.remote.RemoteWebDriver.findElement(RemoteWebDriver.java:354)
	at org.openqa.selenium.support.pagefactory.DefaultElementLocator.findElement(DefaultElementLocator.java:68)
	at org.openqa.selenium.support.pagefactory.internal.LocatingElementHandler.invoke(LocatingElementHandler.java:38)
	at jdk.proxy2/jdk.proxy2.$Proxy28.toString(Unknown Source)
	at org.slf4j.helpers.MessageFormatter.safeObjectAppend(MessageFormatter.java:291)
	at org.slf4j.helpers.MessageFormatter.deeplyAppendParameter(MessageFormatter.java:263)
	at org.slf4j.helpers.MessageFormatter.arrayFormat(MessageFormatter.java:225)
	at org.slf4j.helpers.MessageFormatter.arrayFormat(MessageFormatter.java:160)
	at ch.qos.logback.classic.spi.LoggingEvent.getFormattedMessage(LoggingEvent.java:396)
	at ch.qos.logback.classic.spi.LoggingEvent.prepareForDeferredProcessing(LoggingEvent.java:252)
	at ch.qos.logback.core.OutputStreamAppender.subAppend(OutputStreamAppender.java:235)
	at ch.qos.logback.core.OutputStreamAppender.append(OutputStreamAppender.java:102)
	at ch.qos.logback.core.UnsynchronizedAppenderBase.doAppend(UnsynchronizedAppenderBase.java:85)
	at ch.qos.logback.core.spi.AppenderAttachableImpl.appendLoopOnAppenders(AppenderAttachableImpl.java:51)
	at ch.qos.logback.classic.Logger.appendLoopOnAppenders(Logger.java:272)
	at ch.qos.logback.classic.Logger.callAppenders(Logger.java:259)
	at ch.qos.logback.classic.Logger.buildLoggingEventAndAppend(Logger.java:426)
	at ch.qos.logback.classic.Logger.filterAndLog_2(Logger.java:419)
	at ch.qos.logback.classic.Logger.error(Logger.java:535)
	at org.example.core.BasePage.clickElement(BasePage.java:54)
	at org.example.pages.P03_homePage.clickYoutubeIcon(P03_homePage.java:245)
	at org.example.stepDefs.D07_followUsStepDef.clickingOnTheYoutubeIcon(D07_followUsStepDef.java:94)
	at java.base/jdk.internal.reflect.DirectMethodHandleAccessor.invoke(DirectMethodHandleAccessor.java:103)
	at java.base/java.lang.reflect.Method.invoke(Method.java:580)
	at io.cucumber.java.Invoker.doInvoke(Invoker.java:66)
	at io.cucumber.java.Invoker.invoke(Invoker.java:24)
	at io.cucumber.java.AbstractGlueDefinition.invokeMethod(AbstractGlueDefinition.java:47)
	at io.cucumber.java.JavaStepDefinition.execute(JavaStepDefinition.java:29)
	at io.cucumber.core.runner.CoreStepDefinition.execute(CoreStepDefinition.java:66)
	at io.cucumber.core.runner.PickleStepDefinitionMatch.runStep(PickleStepDefinitionMatch.java:63)
	at io.cucumber.core.runner.ExecutionMode$1.execute(ExecutionMode.java:10)
	at io.cucumber.core.runner.TestStep.executeStep(TestStep.java:84)
	at io.cucumber.core.runner.TestStep.run(TestStep.java:56)
	at io.cucumber.core.runner.PickleStepTestStep.run(PickleStepTestStep.java:51)
	at io.cucumber.core.runner.TestCase.run(TestCase.java:84)
	at io.cucumber.core.runner.Runner.runPickle(Runner.java:75)
	at io.cucumber.testng.TestNGCucumberRunner.lambda$runScenario$1(TestNGCucumberRunner.java:132)
	at io.cucumber.core.runtime.CucumberExecutionContext.lambda$runTestCase$5(CucumberExecutionContext.java:137)
	at io.cucumber.core.runtime.RethrowingThrowableCollector.executeAndThrow(RethrowingThrowableCollector.java:23)
	at io.cucumber.core.runtime.CucumberExecutionContext.runTestCase(CucumberExecutionContext.java:137)
	at io.cucumber.testng.TestNGCucumberRunner.runScenario(TestNGCucumberRunner.java:129)
	at io.cucumber.testng.AbstractTestNGCucumberTests.runScenario(AbstractTestNGCucumberTests.java:35)
	at java.base/jdk.internal.reflect.DirectMethodHandleAccessor.invoke(DirectMethodHandleAccessor.java:103)
	at java.base/java.lang.reflect.Method.invoke(Method.java:580)
	at org.testng.internal.invokers.MethodInvocationHelper.invokeMethod(MethodInvocationHelper.java:139)
	at org.testng.internal.invokers.TestInvoker.invokeMethod(TestInvoker.java:664)
	at org.testng.internal.invokers.TestInvoker.invokeTestMethod(TestInvoker.java:227)
	at org.testng.internal.invokers.TestMethodWithDataProviderMethodWorker.call(TestMethodWithDataProviderMethodWorker.java:80)
	at org.testng.internal.invokers.TestMethodWithDataProviderMethodWorker.call(TestMethodWithDataProviderMethodWorker.java:17)
	at java.base/java.util.concurrent.FutureTask.run(FutureTask.java:317)
	at java.base/java.util.concurrent.Executors$RunnableAdapter.call(Executors.java:572)
	at java.base/java.util.concurrent.FutureTask.run(FutureTask.java:317)
	at java.base/java.util.concurrent.ThreadPoolExecutor.runWorker(ThreadPoolExecutor.java:1144)
	at java.base/java.util.concurrent.ThreadPoolExecutor$Worker.run(ThreadPoolExecutor.java:642)
	at java.base/java.lang.Thread.run(Thread.java:1583)
Caused by: java.io.UncheckedIOException: java.net.ConnectException
	at org.openqa.selenium.remote.http.jdk.JdkHttpClient.execute0(JdkHttpClient.java:442)
	at org.openqa.selenium.remote.http.AddSeleniumUserAgent.lambda$apply$0(AddSeleniumUserAgent.java:42)
	at org.openqa.selenium.remote.http.Filter.lambda$andFinally$1(Filter.java:55)
	at org.openqa.selenium.remote.http.jdk.JdkHttpClient.execute(JdkHttpClient.java:358)
	at org.openqa.selenium.remote.HttpCommandExecutor.execute(HttpCommandExecutor.java:188)
	at org.openqa.selenium.remote.service.DriverCommandExecutor.invokeExecute(DriverCommandExecutor.java:200)
	at org.openqa.selenium.remote.service.DriverCommandExecutor.execute(DriverCommandExecutor.java:175)
	at org.openqa.selenium.remote.RemoteWebDriver.execute(RemoteWebDriver.java:523)
	... 58 more
Caused by: java.net.ConnectException
	at java.net.http/jdk.internal.net.http.common.Utils.toConnectException(Utils.java:1041)
	at java.net.http/jdk.internal.net.http.PlainHttpConnection.connectAsync(PlainHttpConnection.java:227)
	at java.net.http/jdk.internal.net.http.PlainHttpConnection.checkRetryConnect(PlainHttpConnection.java:280)
	at java.net.http/jdk.internal.net.http.PlainHttpConnection.lambda$connectAsync$2(PlainHttpConnection.java:238)
	at java.base/java.util.concurrent.CompletableFuture.uniHandle(CompletableFuture.java:934)
	at java.base/java.util.concurrent.CompletableFuture$UniHandle.tryFire(CompletableFuture.java:911)
	at java.base/java.util.concurrent.CompletableFuture.postComplete(CompletableFuture.java:510)
	at java.base/java.util.concurrent.CompletableFuture$AsyncSupply.run(CompletableFuture.java:1773)
	... 3 more
Caused by: java.nio.channels.ClosedChannelException
	at java.base/sun.nio.ch.SocketChannelImpl.ensureOpen(SocketChannelImpl.java:202)
	at java.base/sun.nio.ch.SocketChannelImpl.beginConnect(SocketChannelImpl.java:786)
	at java.base/sun.nio.ch.SocketChannelImpl.connect(SocketChannelImpl.java:874)
	at java.net.http/jdk.internal.net.http.PlainHttpConnection.lambda$connectAsync$1(PlainHttpConnection.java:210)
	at java.base/java.security.AccessController.doPrivileged(AccessController.java:571)
	at java.net.http/jdk.internal.net.http.PlainHttpConnection.connectAsync(PlainHttpConnection.java:212)
	... 9 more
]]></system-err>
  </testcase>
</testsuite>