<?xml version="1.0" encoding="UTF-8"?>
<testng-results skipped="0" failed="4" ignored="0" total="17" passed="13">
  <reporter-output>
  </reporter-output>
  <suite name="Surefire suite" duration-ms="287063" started-at="2022-11-16T22:19:50 EET" finished-at="2022-11-16T22:24:37 EET">
    <groups>
      <group name="cucumber">
        <method signature="AbstractTestNGCucumberTests.runScenario(io.cucumber.testng.PickleWrapper,io.cucumber.testng.FeatureWrapper)[pri:0, instance:org.example.testRunner.runners@458c1321]" name="runScenario" class="io.cucumber.testng.AbstractTestNGCucumberTests"/>
      </group> <!-- cucumber -->
    </groups>
    <test name="Surefire test" duration-ms="287063" started-at="2022-11-16T22:19:50 EET" finished-at="2022-11-16T22:24:37 EET">
      <class name="org.example.testRunner.runners">
        <test-method status="PASS" signature="setUpClass(org.testng.ITestContext)[pri:0, instance:org.example.testRunner.runners@458c1321]" name="setUpClass" is-config="true" duration-ms="897" started-at="2022-11-16T22:19:50 EET" finished-at="2022-11-16T22:19:51 EET">
          <params>
            <param index="0">
              <value>
                <![CDATA[org.testng.TestRunner@6a55594b]]>
              </value>
            </param>
          </params>
          <reporter-output>
          </reporter-output>
        </test-method> <!-- setUpClass -->
        <test-method status="PASS" signature="runScenario(io.cucumber.testng.PickleWrapper,io.cucumber.testng.FeatureWrapper)[pri:0, instance:org.example.testRunner.runners@458c1321]" name="runScenario" duration-ms="24512" started-at="2022-11-16T22:19:51 EET" description="Runs Cucumber Scenarios" data-provider="scenarios" finished-at="2022-11-16T22:20:16 EET">
          <params>
            <param index="0">
              <value>
                <![CDATA["guest user could register with valid data successfully"]]>
              </value>
            </param>
            <param index="1">
              <value>
                <![CDATA["F01_Register | users could register with new accounts"]]>
              </value>
            </param>
          </params>
          <reporter-output>
          </reporter-output>
        </test-method> <!-- runScenario -->
        <test-method status="FAIL" signature="runScenario(io.cucumber.testng.PickleWrapper,io.cucumber.testng.FeatureWrapper)[pri:0, instance:org.example.testRunner.runners@458c1321]" name="runScenario" duration-ms="13784" started-at="2022-11-16T22:20:16 EET" description="Runs Cucumber Scenarios" data-provider="scenarios" finished-at="2022-11-16T22:20:30 EET">
          <params>
            <param index="0">
              <value>
                <![CDATA["user could login with valid email and password"]]>
              </value>
            </param>
            <param index="1">
              <value>
                <![CDATA["F02_Login | users could use login functionality to use their accounts"]]>
              </value>
            </param>
          </params>
          <exception class="java.lang.AssertionError">
            <message>
              <![CDATA[The following asserts failed:
third assertion expected [https://demo.nopcommerce.com/] but found [https://demo.nopcommerce.com/login?returnurl=%2F]]]>
            </message>
            <full-stacktrace>
              <![CDATA[java.lang.AssertionError: The following asserts failed:
third assertion expected [https://demo.nopcommerce.com/] but found [https://demo.nopcommerce.com/login?returnurl=%2F]
at org.testng.asserts.SoftAssert.assertAll(SoftAssert.java:47)
at org.testng.asserts.SoftAssert.assertAll(SoftAssert.java:31)
at org.example.stepDefs.D02_loginStepDef.success(D02_loginStepDef.java:45)
at ✽.user login to the system successfully(file:///C:/Users/Memo/IdeaProjects/EcommerceAutomationProject/src/main/resources/features/F02_Login.feature:10)
]]>
            </full-stacktrace>
          </exception> <!-- java.lang.AssertionError -->
          <reporter-output>
          </reporter-output>
        </test-method> <!-- runScenario -->
        <test-method status="PASS" signature="runScenario(io.cucumber.testng.PickleWrapper,io.cucumber.testng.FeatureWrapper)[pri:0, instance:org.example.testRunner.runners@458c1321]" name="runScenario" duration-ms="12841" started-at="2022-11-16T22:20:30 EET" description="Runs Cucumber Scenarios" data-provider="scenarios" finished-at="2022-11-16T22:20:42 EET">
          <params>
            <param index="0">
              <value>
                <![CDATA["user could login with invalid email and password"]]>
              </value>
            </param>
            <param index="1">
              <value>
                <![CDATA["F02_Login | users could use login functionality to use their accounts"]]>
              </value>
            </param>
          </params>
          <reporter-output>
          </reporter-output>
        </test-method> <!-- runScenario -->
        <test-method status="PASS" signature="runScenario(io.cucumber.testng.PickleWrapper,io.cucumber.testng.FeatureWrapper)[pri:0, instance:org.example.testRunner.runners@458c1321]" name="runScenario" duration-ms="14678" started-at="2022-11-16T22:20:42 EET" description="Runs Cucumber Scenarios" data-provider="scenarios" finished-at="2022-11-16T22:20:57 EET">
          <params>
            <param index="0">
              <value>
                <![CDATA["user could search using product name"]]>
              </value>
            </param>
            <param index="1">
              <value>
                <![CDATA["F04_Search | users will be able to search for products with different parameters"]]>
              </value>
            </param>
          </params>
          <reporter-output>
          </reporter-output>
        </test-method> <!-- runScenario -->
        <test-method status="PASS" signature="runScenario(io.cucumber.testng.PickleWrapper,io.cucumber.testng.FeatureWrapper)[pri:0, instance:org.example.testRunner.runners@458c1321]" name="runScenario" duration-ms="14321" started-at="2022-11-16T22:20:57 EET" description="Runs Cucumber Scenarios" data-provider="scenarios" finished-at="2022-11-16T22:21:11 EET">
          <params>
            <param index="0">
              <value>
                <![CDATA["user could search using product name"]]>
              </value>
            </param>
            <param index="1">
              <value>
                <![CDATA["F04_Search | users will be able to search for products with different parameters"]]>
              </value>
            </param>
          </params>
          <reporter-output>
          </reporter-output>
        </test-method> <!-- runScenario -->
        <test-method status="PASS" signature="runScenario(io.cucumber.testng.PickleWrapper,io.cucumber.testng.FeatureWrapper)[pri:0, instance:org.example.testRunner.runners@458c1321]" name="runScenario" duration-ms="14104" started-at="2022-11-16T22:21:11 EET" description="Runs Cucumber Scenarios" data-provider="scenarios" finished-at="2022-11-16T22:21:26 EET">
          <params>
            <param index="0">
              <value>
                <![CDATA["user could search using product name"]]>
              </value>
            </param>
            <param index="1">
              <value>
                <![CDATA["F04_Search | users will be able to search for products with different parameters"]]>
              </value>
            </param>
          </params>
          <reporter-output>
          </reporter-output>
        </test-method> <!-- runScenario -->
        <test-method status="PASS" signature="runScenario(io.cucumber.testng.PickleWrapper,io.cucumber.testng.FeatureWrapper)[pri:0, instance:org.example.testRunner.runners@458c1321]" name="runScenario" duration-ms="18980" started-at="2022-11-16T22:21:26 EET" description="Runs Cucumber Scenarios" data-provider="scenarios" finished-at="2022-11-16T22:21:45 EET">
          <params>
            <param index="0">
              <value>
                <![CDATA["user could search using product name"]]>
              </value>
            </param>
            <param index="1">
              <value>
                <![CDATA["F04_Search | users will be able to search for products with different parameters"]]>
              </value>
            </param>
          </params>
          <reporter-output>
          </reporter-output>
        </test-method> <!-- runScenario -->
        <test-method status="PASS" signature="runScenario(io.cucumber.testng.PickleWrapper,io.cucumber.testng.FeatureWrapper)[pri:0, instance:org.example.testRunner.runners@458c1321]" name="runScenario" duration-ms="16860" started-at="2022-11-16T22:21:45 EET" description="Runs Cucumber Scenarios" data-provider="scenarios" finished-at="2022-11-16T22:22:01 EET">
          <params>
            <param index="0">
              <value>
                <![CDATA["user could search using product name"]]>
              </value>
            </param>
            <param index="1">
              <value>
                <![CDATA["F04_Search | users will be able to search for products with different parameters"]]>
              </value>
            </param>
          </params>
          <reporter-output>
          </reporter-output>
        </test-method> <!-- runScenario -->
        <test-method status="PASS" signature="runScenario(io.cucumber.testng.PickleWrapper,io.cucumber.testng.FeatureWrapper)[pri:0, instance:org.example.testRunner.runners@458c1321]" name="runScenario" duration-ms="16555" started-at="2022-11-16T22:22:01 EET" description="Runs Cucumber Scenarios" data-provider="scenarios" finished-at="2022-11-16T22:22:18 EET">
          <params>
            <param index="0">
              <value>
                <![CDATA["user could search using product name"]]>
              </value>
            </param>
            <param index="1">
              <value>
                <![CDATA["F04_Search | users will be able to search for products with different parameters"]]>
              </value>
            </param>
          </params>
          <reporter-output>
          </reporter-output>
        </test-method> <!-- runScenario -->
        <test-method status="PASS" signature="runScenario(io.cucumber.testng.PickleWrapper,io.cucumber.testng.FeatureWrapper)[pri:0, instance:org.example.testRunner.runners@458c1321]" name="runScenario" duration-ms="12788" started-at="2022-11-16T22:22:18 EET" description="Runs Cucumber Scenarios" data-provider="scenarios" finished-at="2022-11-16T22:22:31 EET">
          <params>
            <param index="0">
              <value>
                <![CDATA["hover over categories"]]>
              </value>
            </param>
            <param index="1">
              <value>
                <![CDATA["select random category from three hovarable categories"]]>
              </value>
            </param>
          </params>
          <reporter-output>
          </reporter-output>
        </test-method> <!-- runScenario -->
        <test-method status="FAIL" signature="runScenario(io.cucumber.testng.PickleWrapper,io.cucumber.testng.FeatureWrapper)[pri:0, instance:org.example.testRunner.runners@458c1321]" name="runScenario" duration-ms="12395" started-at="2022-11-16T22:22:31 EET" description="Runs Cucumber Scenarios" data-provider="scenarios" finished-at="2022-11-16T22:22:43 EET">
          <params>
            <param index="0">
              <value>
                <![CDATA["first slider is clickable on home page"]]>
              </value>
            </param>
            <param index="1">
              <value>
                <![CDATA["Check if the sliders are working"]]>
              </value>
            </param>
          </params>
          <exception class="org.openqa.selenium.ElementClickInterceptedException">
            <message>
              <![CDATA[element click intercepted: Element <img class="nivo-main-image" src="https://demo.nopcommerce.com/images/thumbs/0000079_banner_1.jpg" style="width: 1200px; height: 500px; overflow: hidden;"> is not clickable at point (951, 498). Other element would receive the click: <a href="http://demo.nopcommerce.com/" aria-label="" class="nivo-imageLink" style="display: block;">...</a>
  (Session info: chrome=107.0.5304.107)
Build info: version: '4.0.0', revision: '3a21814679'
System info: host: 'DESKTOP-GVRGLVO', ip: '192.168.1.4', os.name: 'Windows 10', os.arch: 'amd64', os.version: '10.0', java.version: '1.8.0_351'
Driver info: org.openqa.selenium.chrome.ChromeDriver
Command: [87367d11aea91f115f23c6eb4007fb3e, clickElement {id=e6f853cd-73d9-46cf-ba6a-776c6b7c7671}]
Capabilities {acceptInsecureCerts: false, browserName: chrome, browserVersion: 107.0.5304.107, chrome: {chromedriverVersion: 107.0.5304.62 (1eec40d3a576..., userDataDir: C:\Users\Memo\AppData\Local...}, goog:chromeOptions: {debuggerAddress: localhost:56886}, javascriptEnabled: true, networkConnectionEnabled: false, pageLoadStrategy: normal, platform: WINDOWS, platformName: WINDOWS, proxy: Proxy(), se:cdp: ws://localhost:56886/devtoo..., se:cdpVersion: 107.0.5304.107, setWindowRect: true, strictFileInteractability: false, timeouts: {implicit: 0, pageLoad: 300000, script: 30000}, unhandledPromptBehavior: dismiss and notify, webauthn:extension:credBlob: true, webauthn:extension:largeBlob: true, webauthn:virtualAuthenticators: true}
Element: [[ChromeDriver: chrome on WINDOWS (87367d11aea91f115f23c6eb4007fb3e)] -> css selector: div[id="nivo-slider"]>img[src="https://demo.nopcommerce.com/images/thumbs/0000079_banner_1.jpg"]]
Session ID: 87367d11aea91f115f23c6eb4007fb3e]]>
            </message>
            <full-stacktrace>
              <![CDATA[org.openqa.selenium.ElementClickInterceptedException: element click intercepted: Element <img class="nivo-main-image" src="https://demo.nopcommerce.com/images/thumbs/0000079_banner_1.jpg" style="width: 1200px; height: 500px; overflow: hidden;"> is not clickable at point (951, 498). Other element would receive the click: <a href="http://demo.nopcommerce.com/" aria-label="" class="nivo-imageLink" style="display: block;">...</a>
  (Session info: chrome=107.0.5304.107)
Build info: version: '4.0.0', revision: '3a21814679'
System info: host: 'DESKTOP-GVRGLVO', ip: '192.168.1.4', os.name: 'Windows 10', os.arch: 'amd64', os.version: '10.0', java.version: '1.8.0_351'
Driver info: org.openqa.selenium.chrome.ChromeDriver
Command: [87367d11aea91f115f23c6eb4007fb3e, clickElement {id=e6f853cd-73d9-46cf-ba6a-776c6b7c7671}]
Capabilities {acceptInsecureCerts: false, browserName: chrome, browserVersion: 107.0.5304.107, chrome: {chromedriverVersion: 107.0.5304.62 (1eec40d3a576..., userDataDir: C:\Users\Memo\AppData\Local...}, goog:chromeOptions: {debuggerAddress: localhost:56886}, javascriptEnabled: true, networkConnectionEnabled: false, pageLoadStrategy: normal, platform: WINDOWS, platformName: WINDOWS, proxy: Proxy(), se:cdp: ws://localhost:56886/devtoo..., se:cdpVersion: 107.0.5304.107, setWindowRect: true, strictFileInteractability: false, timeouts: {implicit: 0, pageLoad: 300000, script: 30000}, unhandledPromptBehavior: dismiss and notify, webauthn:extension:credBlob: true, webauthn:extension:largeBlob: true, webauthn:virtualAuthenticators: true}
Element: [[ChromeDriver: chrome on WINDOWS (87367d11aea91f115f23c6eb4007fb3e)] -> css selector: div[id="nivo-slider"]>img[src="https://demo.nopcommerce.com/images/thumbs/0000079_banner_1.jpg"]]
Session ID: 87367d11aea91f115f23c6eb4007fb3e
at sun.reflect.NativeConstructorAccessorImpl.newInstance0(Native Method)
at sun.reflect.NativeConstructorAccessorImpl.newInstance(NativeConstructorAccessorImpl.java:62)
at sun.reflect.DelegatingConstructorAccessorImpl.newInstance(DelegatingConstructorAccessorImpl.java:45)
at java.lang.reflect.Constructor.newInstance(Constructor.java:423)
at org.openqa.selenium.remote.codec.w3c.W3CHttpResponseCodec.createException(W3CHttpResponseCodec.java:200)
at org.openqa.selenium.remote.codec.w3c.W3CHttpResponseCodec.decode(W3CHttpResponseCodec.java:133)
at org.openqa.selenium.remote.codec.w3c.W3CHttpResponseCodec.decode(W3CHttpResponseCodec.java:53)
at org.openqa.selenium.remote.HttpCommandExecutor.execute(HttpCommandExecutor.java:184)
at org.openqa.selenium.remote.service.DriverCommandExecutor.invokeExecute(DriverCommandExecutor.java:164)
at org.openqa.selenium.remote.service.DriverCommandExecutor.execute(DriverCommandExecutor.java:139)
at org.openqa.selenium.remote.RemoteWebDriver.execute(RemoteWebDriver.java:559)
at org.openqa.selenium.remote.RemoteWebElement.execute(RemoteWebElement.java:251)
at org.openqa.selenium.remote.RemoteWebElement.click(RemoteWebElement.java:77)
at org.example.stepDefs.D06_homeSlidersStepDef.firstSlider(D06_homeSlidersStepDef.java:18)
at ✽.clicking on the first slider(file:///C:/Users/Memo/IdeaProjects/EcommerceAutomationProject/src/main/resources/features/F06_homeSliders.feature:4)
]]>
            </full-stacktrace>
          </exception> <!-- org.openqa.selenium.ElementClickInterceptedException -->
          <reporter-output>
          </reporter-output>
        </test-method> <!-- runScenario -->
        <test-method status="FAIL" signature="runScenario(io.cucumber.testng.PickleWrapper,io.cucumber.testng.FeatureWrapper)[pri:0, instance:org.example.testRunner.runners@458c1321]" name="runScenario" duration-ms="11476" started-at="2022-11-16T22:22:43 EET" description="Runs Cucumber Scenarios" data-provider="scenarios" finished-at="2022-11-16T22:22:55 EET">
          <params>
            <param index="0">
              <value>
                <![CDATA["second slider is clickable on home page"]]>
              </value>
            </param>
            <param index="1">
              <value>
                <![CDATA["Check if the sliders are working"]]>
              </value>
            </param>
          </params>
          <exception class="java.lang.AssertionError">
            <message>
              <![CDATA[expected [ https://demo.nopcommerce.com/iphone-6] but found [https://demo.nopcommerce.com/]]]>
            </message>
            <full-stacktrace>
              <![CDATA[java.lang.AssertionError: expected [ https://demo.nopcommerce.com/iphone-6] but found [https://demo.nopcommerce.com/]
at org.testng.Assert.fail(Assert.java:99)
at org.testng.Assert.failNotEquals(Assert.java:1037)
at org.testng.Assert.assertEqualsImpl(Assert.java:140)
at org.testng.Assert.assertEquals(Assert.java:122)
at org.testng.Assert.assertEquals(Assert.java:629)
at org.testng.Assert.assertEquals(Assert.java:639)
at org.example.stepDefs.D06_homeSlidersStepDef.checkIfUAreRotatedToIphonePage(D06_homeSlidersStepDef.java:42)
at ✽.check if u are rotated to iphone page(file:///C:/Users/Memo/IdeaProjects/EcommerceAutomationProject/src/main/resources/features/F06_homeSliders.feature:9)
]]>
            </full-stacktrace>
          </exception> <!-- java.lang.AssertionError -->
          <reporter-output>
          </reporter-output>
        </test-method> <!-- runScenario -->
        <test-method status="PASS" signature="runScenario(io.cucumber.testng.PickleWrapper,io.cucumber.testng.FeatureWrapper)[pri:0, instance:org.example.testRunner.runners@458c1321]" name="runScenario" duration-ms="22199" started-at="2022-11-16T22:22:55 EET" description="Runs Cucumber Scenarios" data-provider="scenarios" finished-at="2022-11-16T22:23:17 EET">
          <params>
            <param index="0">
              <value>
                <![CDATA["Check facebook icon"]]>
              </value>
            </param>
            <param index="1">
              <value>
                <![CDATA["check the follow us icons"]]>
              </value>
            </param>
          </params>
          <reporter-output>
          </reporter-output>
        </test-method> <!-- runScenario -->
        <test-method status="PASS" signature="runScenario(io.cucumber.testng.PickleWrapper,io.cucumber.testng.FeatureWrapper)[pri:0, instance:org.example.testRunner.runners@458c1321]" name="runScenario" duration-ms="16813" started-at="2022-11-16T22:23:17 EET" description="Runs Cucumber Scenarios" data-provider="scenarios" finished-at="2022-11-16T22:23:34 EET">
          <params>
            <param index="0">
              <value>
                <![CDATA["Check twitter icon"]]>
              </value>
            </param>
            <param index="1">
              <value>
                <![CDATA["check the follow us icons"]]>
              </value>
            </param>
          </params>
          <reporter-output>
          </reporter-output>
        </test-method> <!-- runScenario -->
        <test-method status="FAIL" signature="runScenario(io.cucumber.testng.PickleWrapper,io.cucumber.testng.FeatureWrapper)[pri:0, instance:org.example.testRunner.runners@458c1321]" name="runScenario" duration-ms="12466" started-at="2022-11-16T22:23:34 EET" description="Runs Cucumber Scenarios" data-provider="scenarios" finished-at="2022-11-16T22:23:46 EET">
          <params>
            <param index="0">
              <value>
                <![CDATA["Check Rss icon"]]>
              </value>
            </param>
            <param index="1">
              <value>
                <![CDATA["check the follow us icons"]]>
              </value>
            </param>
          </params>
          <exception class="java.lang.AssertionError">
            <message>
              <![CDATA[expected [https://demo.nopcommerce.com/new-online-store-is-open] but found [https://demo.nopcommerce.com/news/rss/1]]]>
            </message>
            <full-stacktrace>
              <![CDATA[java.lang.AssertionError: expected [https://demo.nopcommerce.com/new-online-store-is-open] but found [https://demo.nopcommerce.com/news/rss/1]
at org.testng.Assert.fail(Assert.java:99)
at org.testng.Assert.failNotEquals(Assert.java:1037)
at org.testng.Assert.assertEqualsImpl(Assert.java:140)
at org.testng.Assert.assertEquals(Assert.java:122)
at org.testng.Assert.assertEquals(Assert.java:629)
at org.testng.Assert.assertEquals(Assert.java:639)
at org.example.stepDefs.D07_followUsStepDef.rssURL(D07_followUsStepDef.java:50)
at ✽.verify the Rss url(file:///C:/Users/Memo/IdeaProjects/EcommerceAutomationProject/src/main/resources/features/F07_followUs.feature:16)
]]>
            </full-stacktrace>
          </exception> <!-- java.lang.AssertionError -->
          <reporter-output>
          </reporter-output>
        </test-method> <!-- runScenario -->
        <test-method status="PASS" signature="runScenario(io.cucumber.testng.PickleWrapper,io.cucumber.testng.FeatureWrapper)[pri:0, instance:org.example.testRunner.runners@458c1321]" name="runScenario" duration-ms="30193" started-at="2022-11-16T22:23:46 EET" description="Runs Cucumber Scenarios" data-provider="scenarios" finished-at="2022-11-16T22:24:16 EET">
          <params>
            <param index="0">
              <value>
                <![CDATA["Check youtube icon"]]>
              </value>
            </param>
            <param index="1">
              <value>
                <![CDATA["check the follow us icons"]]>
              </value>
            </param>
          </params>
          <reporter-output>
          </reporter-output>
        </test-method> <!-- runScenario -->
        <test-method status="PASS" signature="runScenario(io.cucumber.testng.PickleWrapper,io.cucumber.testng.FeatureWrapper)[pri:0, instance:org.example.testRunner.runners@458c1321]" name="runScenario" duration-ms="20658" started-at="2022-11-16T22:24:16 EET" description="Runs Cucumber Scenarios" data-provider="scenarios" finished-at="2022-11-16T22:24:37 EET">
          <params>
            <param index="0">
              <value>
                <![CDATA["put a product in wishlist and get its quantity"]]>
              </value>
            </param>
            <param index="1">
              <value>
                <![CDATA["check the wishlist button and quantity"]]>
              </value>
            </param>
          </params>
          <reporter-output>
          </reporter-output>
        </test-method> <!-- runScenario -->
        <test-method status="PASS" signature="tearDownClass()[pri:0, instance:org.example.testRunner.runners@458c1321]" name="tearDownClass" is-config="true" duration-ms="471" started-at="2022-11-16T22:24:37 EET" finished-at="2022-11-16T22:24:37 EET">
          <reporter-output>
          </reporter-output>
        </test-method> <!-- tearDownClass -->
      </class> <!-- org.example.testRunner.runners -->
    </test> <!-- Surefire test -->
  </suite> <!-- Surefire suite -->
</testng-results>
